# JRE version: OpenJDK Runtime Environment Temurin-17.0.11+9 (17.0.11+9) (build 17.0.11+9)
# Java VM: OpenJDK 64-Bit Server VM Temurin-17.0.11+9 (17.0.11+9, mixed mode, tiered, compressed oops, compressed class ptrs, parallel gc, windows-amd64)
GC Precious Log:
 CPUs: 8 total, 8 available
 Memory: 7979M
 Large Page Support: Disabled
 NUMA Support: Disabled
 Compressed Oops: Enabled (32-bit)
 Alignments: Space 512K, Generation 512K, Heap 2M
 Heap Min Capacity: 100M
 Heap Initial Capacity: 100M
 Heap Max Capacity: 1G
 Pre-touch: Disabled
 Parallel Workers: 8
Heap:
 PSYoungGen      total 30720K, used 25137K [0x00000000eab00000, 0x00000000ed880000, 0x0000000100000000)
  eden space 16896K, 69% used [0x00000000eab00000,0x00000000eb668570,0x00000000ebb80000)
  from space 13824K, 97% used [0x00000000ecb00000,0x00000000ed823fd8,0x00000000ed880000)
  to   space 14848K, 0% used [0x00000000ebb80000,0x00000000ebb80000,0x00000000eca00000)
 ParOldGen       total 158720K, used 116098K [0x00000000c0000000, 0x00000000c9b00000, 0x00000000eab00000)
  object space 158720K, 73% used [0x00000000c0000000,0x00000000c7160a90,0x00000000c9b00000)
 Metaspace       used 77335K, committed 78720K, reserved 1179648K
  class space    used 7984K, committed 8576K, reserved 1048576K
GC Heap History (20 events):
Event: 11.591 GC heap before
{Heap before GC invocations=108 (full 6):
 PSYoungGen      total 26112K, used 26105K [0x00000000eab00000, 0x00000000eda80000, 0x0000000100000000)
  eden space 19456K, 99% used [0x00000000eab00000,0x00000000ebdffff0,0x00000000ebe00000)
  from space 6656K, 99% used [0x00000000ec980000,0x00000000ecffe7c8,0x00000000ed000000)
  to   space 11776K, 0% used [0x00000000ebe00000,0x00000000ebe00000,0x00000000ec980000)
 ParOldGen       total 158720K, used 106978K [0x00000000c0000000, 0x00000000c9b00000, 0x00000000eab00000)
  object space 158720K, 67% used [0x00000000c0000000,0x00000000c68788f0,0x00000000c9b00000)
 Metaspace       used 71377K, committed 72640K, reserved 1114112K
  class space    used 7456K, committed 8064K, reserved 1048576K
}
Event: 11.602 GC heap after
{Heap after GC invocations=108 (full 6):
 PSYoungGen      total 28160K, used 8557K [0x00000000eab00000, 0x00000000ed180000, 0x0000000100000000)
  eden space 19456K, 0% used [0x00000000eab00000,0x00000000eab00000,0x00000000ebe00000)
  from space 8704K, 98% used [0x00000000ebe00000,0x00000000ec65b728,0x00000000ec680000)
  to   space 9728K, 0% used [0x00000000ec800000,0x00000000ec800000,0x00000000ed180000)
 ParOldGen       total 158720K, used 107226K [0x00000000c0000000, 0x00000000c9b00000, 0x00000000eab00000)
  object space 158720K, 67% used [0x00000000c0000000,0x00000000c68b68f0,0x00000000c9b00000)
 Metaspace       used 71377K, committed 72640K, reserved 1114112K
  class space    used 7456K, committed 8064K, reserved 1048576K
}
Event: 11.783 GC heap before
{Heap before GC invocations=109 (full 6):
 PSYoungGen      total 28160K, used 28013K [0x00000000eab00000, 0x00000000ed180000, 0x0000000100000000)
  eden space 19456K, 99% used [0x00000000eab00000,0x00000000ebdfffe0,0x00000000ebe00000)
  from space 8704K, 98% used [0x00000000ebe00000,0x00000000ec65b728,0x00000000ec680000)
  to   space 9728K, 0% used [0x00000000ec800000,0x00000000ec800000,0x00000000ed180000)
 ParOldGen       total 158720K, used 107226K [0x00000000c0000000, 0x00000000c9b00000, 0x00000000eab00000)
  object space 158720K, 67% used [0x00000000c0000000,0x00000000c68b68f0,0x00000000c9b00000)
 Metaspace       used 72352K, committed 73728K, reserved 1179648K
  class space    used 7545K, committed 8192K, reserved 1048576K
}
Event: 11.789 GC heap after
{Heap after GC invocations=109 (full 6):
 PSYoungGen      total 27136K, used 9709K [0x00000000eab00000, 0x00000000ed680000, 0x0000000100000000)
  eden space 17408K, 0% used [0x00000000eab00000,0x00000000eab00000,0x00000000ebc00000)
  from space 9728K, 99% used [0x00000000ec800000,0x00000000ed17b690,0x00000000ed180000)
  to   space 12288K, 0% used [0x00000000ebc00000,0x00000000ebc00000,0x00000000ec800000)
 ParOldGen       total 158720K, used 108936K [0x00000000c0000000, 0x00000000c9b00000, 0x00000000eab00000)
  object space 158720K, 68% used [0x00000000c0000000,0x00000000c6a62158,0x00000000c9b00000)
 Metaspace       used 72352K, committed 73728K, reserved 1179648K
  class space    used 7545K, committed 8192K, reserved 1048576K
}
Event: 11.964 GC heap before
{Heap before GC invocations=110 (full 6):
 PSYoungGen      total 27136K, used 27117K [0x00000000eab00000, 0x00000000ed680000, 0x0000000100000000)
  eden space 17408K, 100% used [0x00000000eab00000,0x00000000ebc00000,0x00000000ebc00000)
  from space 9728K, 99% used [0x00000000ec800000,0x00000000ed17b690,0x00000000ed180000)
  to   space 12288K, 0% used [0x00000000ebc00000,0x00000000ebc00000,0x00000000ec800000)
 ParOldGen       total 158720K, used 108936K [0x00000000c0000000, 0x00000000c9b00000, 0x00000000eab00000)
  object space 158720K, 68% used [0x00000000c0000000,0x00000000c6a62158,0x00000000c9b00000)
 Metaspace       used 73678K, committed 75008K, reserved 1179648K
  class space    used 7669K, committed 8256K, reserved 1048576K
}
Event: 11.972 GC heap after
{Heap after GC invocations=110 (full 6):
 PSYoungGen      total 29696K, used 11557K [0x00000000eab00000, 0x00000000ed380000, 0x0000000100000000)
  eden space 17408K, 0% used [0x00000000eab00000,0x00000000eab00000,0x00000000ebc00000)
  from space 12288K, 94% used [0x00000000ebc00000,0x00000000ec7496e0,0x00000000ec800000)
  to   space 11776K, 0% used [0x00000000ec800000,0x00000000ec800000,0x00000000ed380000)
 ParOldGen       total 158720K, used 109072K [0x00000000c0000000, 0x00000000c9b00000, 0x00000000eab00000)
  object space 158720K, 68% used [0x00000000c0000000,0x00000000c6a84158,0x00000000c9b00000)
 Metaspace       used 73678K, committed 75008K, reserved 1179648K
  class space    used 7669K, committed 8256K, reserved 1048576K
}
Event: 12.158 GC heap before
{Heap before GC invocations=111 (full 6):
 PSYoungGen      total 29696K, used 28965K [0x00000000eab00000, 0x00000000ed380000, 0x0000000100000000)
  eden space 17408K, 99% used [0x00000000eab00000,0x00000000ebbffff0,0x00000000ebc00000)
  from space 12288K, 94% used [0x00000000ebc00000,0x00000000ec7496e0,0x00000000ec800000)
  to   space 11776K, 0% used [0x00000000ec800000,0x00000000ec800000,0x00000000ed380000)
 ParOldGen       total 158720K, used 109072K [0x00000000c0000000, 0x00000000c9b00000, 0x00000000eab00000)
  object space 158720K, 68% used [0x00000000c0000000,0x00000000c6a84158,0x00000000c9b00000)
 Metaspace       used 74740K, committed 76096K, reserved 1179648K
  class space    used 7770K, committed 8384K, reserved 1048576K
}
Event: 12.166 GC heap after
{Heap after GC invocations=111 (full 6):
 PSYoungGen      total 27136K, used 11773K [0x00000000eab00000, 0x00000000ed880000, 0x0000000100000000)
  eden space 15360K, 0% used [0x00000000eab00000,0x00000000eab00000,0x00000000eba00000)
  from space 11776K, 99% used [0x00000000ec800000,0x00000000ed37f788,0x00000000ed380000)
  to   space 14336K, 0% used [0x00000000eba00000,0x00000000eba00000,0x00000000ec800000)
 ParOldGen       total 158720K, used 110796K [0x00000000c0000000, 0x00000000c9b00000, 0x00000000eab00000)
  object space 158720K, 69% used [0x00000000c0000000,0x00000000c6c330c0,0x00000000c9b00000)
 Metaspace       used 74740K, committed 76096K, reserved 1179648K
  class space    used 7770K, committed 8384K, reserved 1048576K
}
Event: 12.391 GC heap before
{Heap before GC invocations=112 (full 6):
 PSYoungGen      total 27136K, used 27133K [0x00000000eab00000, 0x00000000ed880000, 0x0000000100000000)
  eden space 15360K, 99% used [0x00000000eab00000,0x00000000eb9ffff0,0x00000000eba00000)
  from space 11776K, 99% used [0x00000000ec800000,0x00000000ed37f788,0x00000000ed380000)
  to   space 14336K, 0% used [0x00000000eba00000,0x00000000eba00000,0x00000000ec800000)
 ParOldGen       total 158720K, used 110796K [0x00000000c0000000, 0x00000000c9b00000, 0x00000000eab00000)
  object space 158720K, 69% used [0x00000000c0000000,0x00000000c6c330c0,0x00000000c9b00000)
 Metaspace       used 75396K, committed 76736K, reserved 1179648K
  class space    used 7789K, committed 8384K, reserved 1048576K
}
Event: 12.400 GC heap after
{Heap after GC invocations=112 (full 6):
 PSYoungGen      total 29696K, used 13646K [0x00000000eab00000, 0x00000000ed580000, 0x0000000100000000)
  eden space 15360K, 0% used [0x00000000eab00000,0x00000000eab00000,0x00000000eba00000)
  from space 14336K, 95% used [0x00000000eba00000,0x00000000ec753968,0x00000000ec800000)
  to   space 13824K, 0% used [0x00000000ec800000,0x00000000ec800000,0x00000000ed580000)
 ParOldGen       total 158720K, used 110900K [0x00000000c0000000, 0x00000000c9b00000, 0x00000000eab00000)
  object space 158720K, 69% used [0x00000000c0000000,0x00000000c6c4d0c0,0x00000000c9b00000)
 Metaspace       used 75396K, committed 76736K, reserved 1179648K
  class space    used 7789K, committed 8384K, reserved 1048576K
}
Event: 12.569 GC heap before
{Heap before GC invocations=113 (full 6):
 PSYoungGen      total 29696K, used 29006K [0x00000000eab00000, 0x00000000ed580000, 0x0000000100000000)
  eden space 15360K, 100% used [0x00000000eab00000,0x00000000eba00000,0x00000000eba00000)
  from space 14336K, 95% used [0x00000000eba00000,0x00000000ec753968,0x00000000ec800000)
  to   space 13824K, 0% used [0x00000000ec800000,0x00000000ec800000,0x00000000ed580000)
 ParOldGen       total 158720K, used 110900K [0x00000000c0000000, 0x00000000c9b00000, 0x00000000eab00000)
  object space 158720K, 69% used [0x00000000c0000000,0x00000000c6c4d0c0,0x00000000c9b00000)
 Metaspace       used 75768K, committed 77120K, reserved 1179648K
  class space    used 7821K, committed 8384K, reserved 1048576K
}
Event: 12.583 GC heap after
{Heap after GC invocations=113 (full 6):
 PSYoungGen      total 28672K, used 13811K [0x00000000eab00000, 0x00000000ed780000, 0x0000000100000000)
  eden space 14848K, 0% used [0x00000000eab00000,0x00000000eab00000,0x00000000eb980000)
  from space 13824K, 99% used [0x00000000ec800000,0x00000000ed57cf80,0x00000000ed580000)
  to   space 14848K, 0% used [0x00000000eb980000,0x00000000eb980000,0x00000000ec800000)
 ParOldGen       total 158720K, used 111718K [0x00000000c0000000, 0x00000000c9b00000, 0x00000000eab00000)
  object space 158720K, 70% used [0x00000000c0000000,0x00000000c6d19b68,0x00000000c9b00000)
 Metaspace       used 75768K, committed 77120K, reserved 1179648K
  class space    used 7821K, committed 8384K, reserved 1048576K
}
Event: 12.660 GC heap before
{Heap before GC invocations=114 (full 6):
 PSYoungGen      total 28672K, used 28659K [0x00000000eab00000, 0x00000000ed780000, 0x0000000100000000)
  eden space 14848K, 100% used [0x00000000eab00000,0x00000000eb980000,0x00000000eb980000)
  from space 13824K, 99% used [0x00000000ec800000,0x00000000ed57cf80,0x00000000ed580000)
  to   space 14848K, 0% used [0x00000000eb980000,0x00000000eb980000,0x00000000ec800000)
 ParOldGen       total 158720K, used 111718K [0x00000000c0000000, 0x00000000c9b00000, 0x00000000eab00000)
  object space 158720K, 70% used [0x00000000c0000000,0x00000000c6d19b68,0x00000000c9b00000)
 Metaspace       used 75824K, committed 77184K, reserved 1179648K
  class space    used 7822K, committed 8384K, reserved 1048576K
}
Event: 12.670 GC heap after
{Heap after GC invocations=114 (full 6):
 PSYoungGen      total 29696K, used 14835K [0x00000000eab00000, 0x00000000ed980000, 0x0000000100000000)
  eden space 14848K, 0% used [0x00000000eab00000,0x00000000eab00000,0x00000000eb980000)
  from space 14848K, 99% used [0x00000000eb980000,0x00000000ec7fcd30,0x00000000ec800000)
  to   space 15872K, 0% used [0x00000000eca00000,0x00000000eca00000,0x00000000ed980000)
 ParOldGen       total 158720K, used 112318K [0x00000000c0000000, 0x00000000c9b00000, 0x00000000eab00000)
  object space 158720K, 70% used [0x00000000c0000000,0x00000000c6dafb88,0x00000000c9b00000)
 Metaspace       used 75824K, committed 77184K, reserved 1179648K
  class space    used 7822K, committed 8384K, reserved 1048576K
}
Event: 12.952 GC heap before
{Heap before GC invocations=115 (full 6):
 PSYoungGen      total 29696K, used 29683K [0x00000000eab00000, 0x00000000ed980000, 0x0000000100000000)
  eden space 14848K, 100% used [0x00000000eab00000,0x00000000eb980000,0x00000000eb980000)
  from space 14848K, 99% used [0x00000000eb980000,0x00000000ec7fcd30,0x00000000ec800000)
  to   space 15872K, 0% used [0x00000000eca00000,0x00000000eca00000,0x00000000ed980000)
 ParOldGen       total 158720K, used 112318K [0x00000000c0000000, 0x00000000c9b00000, 0x00000000eab00000)
  object space 158720K, 70% used [0x00000000c0000000,0x00000000c6dafb88,0x00000000c9b00000)
 Metaspace       used 76166K, committed 77504K, reserved 1179648K
  class space    used 7860K, committed 8448K, reserved 1048576K
}
Event: 12.965 GC heap after
{Heap after GC invocations=115 (full 6):
 PSYoungGen      total 31232K, used 15609K [0x00000000eab00000, 0x00000000ed980000, 0x0000000100000000)
  eden space 15360K, 0% used [0x00000000eab00000,0x00000000eab00000,0x00000000eba00000)
  from space 15872K, 98% used [0x00000000eca00000,0x00000000ed93e6f0,0x00000000ed980000)
  to   space 15872K, 0% used [0x00000000eba80000,0x00000000eba80000,0x00000000eca00000)
 ParOldGen       total 158720K, used 112860K [0x00000000c0000000, 0x00000000c9b00000, 0x00000000eab00000)
  object space 158720K, 71% used [0x00000000c0000000,0x00000000c6e37210,0x00000000c9b00000)
 Metaspace       used 76166K, committed 77504K, reserved 1179648K
  class space    used 7860K, committed 8448K, reserved 1048576K
}
Event: 13.156 GC heap before
{Heap before GC invocations=116 (full 6):
 PSYoungGen      total 31232K, used 30969K [0x00000000eab00000, 0x00000000ed980000, 0x0000000100000000)
  eden space 15360K, 100% used [0x00000000eab00000,0x00000000eba00000,0x00000000eba00000)
  from space 15872K, 98% used [0x00000000eca00000,0x00000000ed93e6f0,0x00000000ed980000)
  to   space 15872K, 0% used [0x00000000eba80000,0x00000000eba80000,0x00000000eca00000)
 ParOldGen       total 158720K, used 112860K [0x00000000c0000000, 0x00000000c9b00000, 0x00000000eab00000)
  object space 158720K, 71% used [0x00000000c0000000,0x00000000c6e37210,0x00000000c9b00000)
 Metaspace       used 76625K, committed 78016K, reserved 1179648K
  class space    used 7920K, committed 8512K, reserved 1048576K
}
Event: 13.167 GC heap after
{Heap after GC invocations=116 (full 6):
 PSYoungGen      total 31744K, used 15843K [0x00000000eab00000, 0x00000000edb80000, 0x0000000100000000)
  eden space 15872K, 0% used [0x00000000eab00000,0x00000000eab00000,0x00000000eba80000)
  from space 15872K, 99% used [0x00000000eba80000,0x00000000ec9f8df0,0x00000000eca00000)
  to   space 16896K, 0% used [0x00000000ecb00000,0x00000000ecb00000,0x00000000edb80000)
 ParOldGen       total 158720K, used 113276K [0x00000000c0000000, 0x00000000c9b00000, 0x00000000eab00000)
  object space 158720K, 71% used [0x00000000c0000000,0x00000000c6e9f210,0x00000000c9b00000)
 Metaspace       used 76625K, committed 78016K, reserved 1179648K
  class space    used 7920K, committed 8512K, reserved 1048576K
}
Event: 13.523 GC heap before
{Heap before GC invocations=117 (full 6):
 PSYoungGen      total 31744K, used 31715K [0x00000000eab00000, 0x00000000edb80000, 0x0000000100000000)
  eden space 15872K, 100% used [0x00000000eab00000,0x00000000eba80000,0x00000000eba80000)
  from space 15872K, 99% used [0x00000000eba80000,0x00000000ec9f8df0,0x00000000eca00000)
  to   space 16896K, 0% used [0x00000000ecb00000,0x00000000ecb00000,0x00000000edb80000)
 ParOldGen       total 158720K, used 113276K [0x00000000c0000000, 0x00000000c9b00000, 0x00000000eab00000)
  object space 158720K, 71% used [0x00000000c0000000,0x00000000c6e9f210,0x00000000c9b00000)
 Metaspace       used 77260K, committed 78656K, reserved 1179648K
  class space    used 7977K, committed 8576K, reserved 1048576K
}
Event: 13.534 GC heap after
{Heap after GC invocations=117 (full 6):
 PSYoungGen      total 30720K, used 13455K [0x00000000eab00000, 0x00000000ed880000, 0x0000000100000000)
  eden space 16896K, 0% used [0x00000000eab00000,0x00000000eab00000,0x00000000ebb80000)
  from space 13824K, 97% used [0x00000000ecb00000,0x00000000ed823fd8,0x00000000ed880000)
  to   space 14848K, 0% used [0x00000000ebb80000,0x00000000ebb80000,0x00000000eca00000)
 ParOldGen       total 158720K, used 116098K [0x00000000c0000000, 0x00000000c9b00000, 0x00000000eab00000)
  object space 158720K, 73% used [0x00000000c0000000,0x00000000c7160a90,0x00000000c9b00000)
 Metaspace       used 77260K, committed 78656K, reserved 1179648K
  class space    used 7977K, committed 8576K, reserved 1048576K
}

