# JRE version: Java(TM) SE Runtime Environment (17.0.9+11) (build 17.0.9+11-LTS-201)
# Java VM: Java HotSpot(TM) 64-Bit Server VM (17.0.9+11-LTS-201, mixed mode, sharing, tiered, compressed oops, compressed class ptrs, parallel gc, windows-amd64)
GC Precious Log:
 CPUs: 8 total, 8 available
 Memory: 7979M
 Large Page Support: Disabled
 NUMA Support: Disabled
 Compressed Oops: Enabled (32-bit)
 Alignments: Space 512K, Generation 512K, Heap 2M
 Heap Min Capacity: 100M
 Heap Initial Capacity: 100M
 Heap Max Capacity: 1G
 Pre-touch: Disabled
 Parallel Workers: 8
Heap:
 PSYoungGen      total 24064K, used 11403K [0x00000000eab00000, 0x00000000ec800000, 0x0000000100000000)
  eden space 22016K, 44% used [0x00000000eab00000,0x00000000eb492d58,0x00000000ec080000)
  from space 2048K, 78% used [0x00000000ec600000,0x00000000ec790000,0x00000000ec800000)
  to   space 2048K, 0% used [0x00000000ec400000,0x00000000ec400000,0x00000000ec600000)
 ParOldGen       total 68608K, used 43244K [0x00000000c0000000, 0x00000000c4300000, 0x00000000eab00000)
  object space 68608K, 63% used [0x00000000c0000000,0x00000000c2a3b078,0x00000000c4300000)
 Metaspace       used 54460K, committed 55616K, reserved 1114112K
  class space    used 5885K, committed 6336K, reserved 1048576K
GC Heap History (20 events):
Event: 4.502 GC heap before
{Heap before GC invocations=21 (full 2):
 PSYoungGen      total 23552K, used 23263K [0x00000000eab00000, 0x00000000ec580000, 0x0000000100000000)
  eden space 22016K, 99% used [0x00000000eab00000,0x00000000ec07fce8,0x00000000ec080000)
  from space 1536K, 81% used [0x00000000ec400000,0x00000000ec538000,0x00000000ec580000)
  to   space 1536K, 0% used [0x00000000ec280000,0x00000000ec280000,0x00000000ec400000)
 ParOldGen       total 68608K, used 21729K [0x00000000c0000000, 0x00000000c4300000, 0x00000000eab00000)
  object space 68608K, 31% used [0x00000000c0000000,0x00000000c1538490,0x00000000c4300000)
 Metaspace       used 49200K, committed 50240K, reserved 1114112K
  class space    used 5355K, committed 5824K, reserved 1048576K
}
Event: 4.505 GC heap after
{Heap after GC invocations=21 (full 2):
 PSYoungGen      total 23552K, used 1216K [0x00000000eab00000, 0x00000000ec480000, 0x0000000100000000)
  eden space 22016K, 0% used [0x00000000eab00000,0x00000000eab00000,0x00000000ec080000)
  from space 1536K, 79% used [0x00000000ec280000,0x00000000ec3b0000,0x00000000ec400000)
  to   space 512K, 0% used [0x00000000ec400000,0x00000000ec400000,0x00000000ec480000)
 ParOldGen       total 68608K, used 22833K [0x00000000c0000000, 0x00000000c4300000, 0x00000000eab00000)
  object space 68608K, 33% used [0x00000000c0000000,0x00000000c164c5a0,0x00000000c4300000)
 Metaspace       used 49200K, committed 50240K, reserved 1114112K
  class space    used 5355K, committed 5824K, reserved 1048576K
}
Event: 4.631 GC heap before
{Heap before GC invocations=22 (full 2):
 PSYoungGen      total 23552K, used 23232K [0x00000000eab00000, 0x00000000ec480000, 0x0000000100000000)
  eden space 22016K, 100% used [0x00000000eab00000,0x00000000ec080000,0x00000000ec080000)
  from space 1536K, 79% used [0x00000000ec280000,0x00000000ec3b0000,0x00000000ec400000)
  to   space 512K, 0% used [0x00000000ec400000,0x00000000ec400000,0x00000000ec480000)
 ParOldGen       total 68608K, used 22833K [0x00000000c0000000, 0x00000000c4300000, 0x00000000eab00000)
  object space 68608K, 33% used [0x00000000c0000000,0x00000000c164c5a0,0x00000000c4300000)
 Metaspace       used 50221K, committed 51264K, reserved 1114112K
  class space    used 5459K, committed 5952K, reserved 1048576K
}
Event: 4.634 GC heap after
{Heap after GC invocations=22 (full 2):
 PSYoungGen      total 22528K, used 480K [0x00000000eab00000, 0x00000000ec780000, 0x0000000100000000)
  eden space 22016K, 0% used [0x00000000eab00000,0x00000000eab00000,0x00000000ec080000)
  from space 512K, 93% used [0x00000000ec400000,0x00000000ec478040,0x00000000ec480000)
  to   space 3584K, 0% used [0x00000000ec080000,0x00000000ec080000,0x00000000ec400000)
 ParOldGen       total 68608K, used 25401K [0x00000000c0000000, 0x00000000c4300000, 0x00000000eab00000)
  object space 68608K, 37% used [0x00000000c0000000,0x00000000c18ce470,0x00000000c4300000)
 Metaspace       used 50221K, committed 51264K, reserved 1114112K
  class space    used 5459K, committed 5952K, reserved 1048576K
}
Event: 4.701 GC heap before
{Heap before GC invocations=23 (full 2):
 PSYoungGen      total 22528K, used 22496K [0x00000000eab00000, 0x00000000ec780000, 0x0000000100000000)
  eden space 22016K, 99% used [0x00000000eab00000,0x00000000ec07fff8,0x00000000ec080000)
  from space 512K, 93% used [0x00000000ec400000,0x00000000ec478040,0x00000000ec480000)
  to   space 3584K, 0% used [0x00000000ec080000,0x00000000ec080000,0x00000000ec400000)
 ParOldGen       total 68608K, used 25401K [0x00000000c0000000, 0x00000000c4300000, 0x00000000eab00000)
  object space 68608K, 37% used [0x00000000c0000000,0x00000000c18ce470,0x00000000c4300000)
 Metaspace       used 50407K, committed 51456K, reserved 1114112K
  class space    used 5477K, committed 5952K, reserved 1048576K
}
Event: 4.703 GC heap after
{Heap after GC invocations=23 (full 2):
 PSYoungGen      total 24576K, used 2240K [0x00000000eab00000, 0x00000000ec580000, 0x0000000100000000)
  eden space 22016K, 0% used [0x00000000eab00000,0x00000000eab00000,0x00000000ec080000)
  from space 2560K, 87% used [0x00000000ec080000,0x00000000ec2b0010,0x00000000ec300000)
  to   space 2560K, 0% used [0x00000000ec300000,0x00000000ec300000,0x00000000ec580000)
 ParOldGen       total 68608K, used 25869K [0x00000000c0000000, 0x00000000c4300000, 0x00000000eab00000)
  object space 68608K, 37% used [0x00000000c0000000,0x00000000c19437f8,0x00000000c4300000)
 Metaspace       used 50407K, committed 51456K, reserved 1114112K
  class space    used 5477K, committed 5952K, reserved 1048576K
}
Event: 4.751 GC heap before
{Heap before GC invocations=24 (full 2):
 PSYoungGen      total 24576K, used 24256K [0x00000000eab00000, 0x00000000ec580000, 0x0000000100000000)
  eden space 22016K, 100% used [0x00000000eab00000,0x00000000ec080000,0x00000000ec080000)
  from space 2560K, 87% used [0x00000000ec080000,0x00000000ec2b0010,0x00000000ec300000)
  to   space 2560K, 0% used [0x00000000ec300000,0x00000000ec300000,0x00000000ec580000)
 ParOldGen       total 68608K, used 25869K [0x00000000c0000000, 0x00000000c4300000, 0x00000000eab00000)
  object space 68608K, 37% used [0x00000000c0000000,0x00000000c19437f8,0x00000000c4300000)
 Metaspace       used 50462K, committed 51520K, reserved 1114112K
  class space    used 5489K, committed 5952K, reserved 1048576K
}
Event: 4.754 GC heap after
{Heap after GC invocations=24 (full 2):
 PSYoungGen      total 24576K, used 2336K [0x00000000eab00000, 0x00000000ec580000, 0x0000000100000000)
  eden space 22016K, 0% used [0x00000000eab00000,0x00000000eab00000,0x00000000ec080000)
  from space 2560K, 91% used [0x00000000ec300000,0x00000000ec548010,0x00000000ec580000)
  to   space 2560K, 0% used [0x00000000ec080000,0x00000000ec080000,0x00000000ec300000)
 ParOldGen       total 68608K, used 27917K [0x00000000c0000000, 0x00000000c4300000, 0x00000000eab00000)
  object space 68608K, 40% used [0x00000000c0000000,0x00000000c1b437f8,0x00000000c4300000)
 Metaspace       used 50462K, committed 51520K, reserved 1114112K
  class space    used 5489K, committed 5952K, reserved 1048576K
}
Event: 4.788 GC heap before
{Heap before GC invocations=25 (full 2):
 PSYoungGen      total 24576K, used 24352K [0x00000000eab00000, 0x00000000ec580000, 0x0000000100000000)
  eden space 22016K, 100% used [0x00000000eab00000,0x00000000ec080000,0x00000000ec080000)
  from space 2560K, 91% used [0x00000000ec300000,0x00000000ec548010,0x00000000ec580000)
  to   space 2560K, 0% used [0x00000000ec080000,0x00000000ec080000,0x00000000ec300000)
 ParOldGen       total 68608K, used 27917K [0x00000000c0000000, 0x00000000c4300000, 0x00000000eab00000)
  object space 68608K, 40% used [0x00000000c0000000,0x00000000c1b437f8,0x00000000c4300000)
 Metaspace       used 50467K, committed 51520K, reserved 1114112K
  class space    used 5489K, committed 5952K, reserved 1048576K
}
Event: 4.790 GC heap after
{Heap after GC invocations=25 (full 2):
 PSYoungGen      total 24576K, used 2496K [0x00000000eab00000, 0x00000000ec580000, 0x0000000100000000)
  eden space 22016K, 0% used [0x00000000eab00000,0x00000000eab00000,0x00000000ec080000)
  from space 2560K, 97% used [0x00000000ec080000,0x00000000ec2f0000,0x00000000ec300000)
  to   space 2560K, 0% used [0x00000000ec300000,0x00000000ec300000,0x00000000ec580000)
 ParOldGen       total 68608K, used 30140K [0x00000000c0000000, 0x00000000c4300000, 0x00000000eab00000)
  object space 68608K, 43% used [0x00000000c0000000,0x00000000c1d6f3c8,0x00000000c4300000)
 Metaspace       used 50467K, committed 51520K, reserved 1114112K
  class space    used 5489K, committed 5952K, reserved 1048576K
}
Event: 4.816 GC heap before
{Heap before GC invocations=26 (full 2):
 PSYoungGen      total 24576K, used 24512K [0x00000000eab00000, 0x00000000ec580000, 0x0000000100000000)
  eden space 22016K, 100% used [0x00000000eab00000,0x00000000ec080000,0x00000000ec080000)
  from space 2560K, 97% used [0x00000000ec080000,0x00000000ec2f0000,0x00000000ec300000)
  to   space 2560K, 0% used [0x00000000ec300000,0x00000000ec300000,0x00000000ec580000)
 ParOldGen       total 68608K, used 30140K [0x00000000c0000000, 0x00000000c4300000, 0x00000000eab00000)
  object space 68608K, 43% used [0x00000000c0000000,0x00000000c1d6f3c8,0x00000000c4300000)
 Metaspace       used 50467K, committed 51520K, reserved 1114112K
  class space    used 5489K, committed 5952K, reserved 1048576K
}
Event: 4.820 GC heap after
{Heap after GC invocations=26 (full 2):
 PSYoungGen      total 24576K, used 2464K [0x00000000eab00000, 0x00000000ec580000, 0x0000000100000000)
  eden space 22016K, 0% used [0x00000000eab00000,0x00000000eab00000,0x00000000ec080000)
  from space 2560K, 96% used [0x00000000ec300000,0x00000000ec568010,0x00000000ec580000)
  to   space 2560K, 0% used [0x00000000ec080000,0x00000000ec080000,0x00000000ec300000)
 ParOldGen       total 68608K, used 32532K [0x00000000c0000000, 0x00000000c4300000, 0x00000000eab00000)
  object space 68608K, 47% used [0x00000000c0000000,0x00000000c1fc53c8,0x00000000c4300000)
 Metaspace       used 50467K, committed 51520K, reserved 1114112K
  class space    used 5489K, committed 5952K, reserved 1048576K
}
Event: 5.028 GC heap before
{Heap before GC invocations=27 (full 2):
 PSYoungGen      total 24576K, used 24480K [0x00000000eab00000, 0x00000000ec580000, 0x0000000100000000)
  eden space 22016K, 100% used [0x00000000eab00000,0x00000000ec080000,0x00000000ec080000)
  from space 2560K, 96% used [0x00000000ec300000,0x00000000ec568010,0x00000000ec580000)
  to   space 2560K, 0% used [0x00000000ec080000,0x00000000ec080000,0x00000000ec300000)
 ParOldGen       total 68608K, used 32532K [0x00000000c0000000, 0x00000000c4300000, 0x00000000eab00000)
  object space 68608K, 47% used [0x00000000c0000000,0x00000000c1fc53c8,0x00000000c4300000)
 Metaspace       used 52021K, committed 53248K, reserved 1114112K
  class space    used 5640K, committed 6144K, reserved 1048576K
}
Event: 5.035 GC heap after
{Heap after GC invocations=27 (full 2):
 PSYoungGen      total 24576K, used 2557K [0x00000000eab00000, 0x00000000ecf80000, 0x0000000100000000)
  eden space 22016K, 0% used [0x00000000eab00000,0x00000000eab00000,0x00000000ec080000)
  from space 2560K, 99% used [0x00000000ec080000,0x00000000ec2ff6d8,0x00000000ec300000)
  to   space 7680K, 0% used [0x00000000ec800000,0x00000000ec800000,0x00000000ecf80000)
 ParOldGen       total 68608K, used 36858K [0x00000000c0000000, 0x00000000c4300000, 0x00000000eab00000)
  object space 68608K, 53% used [0x00000000c0000000,0x00000000c23fe9f8,0x00000000c4300000)
 Metaspace       used 52021K, committed 53248K, reserved 1114112K
  class space    used 5640K, committed 6144K, reserved 1048576K
}
Event: 5.275 GC heap before
{Heap before GC invocations=28 (full 2):
 PSYoungGen      total 24576K, used 24573K [0x00000000eab00000, 0x00000000ecf80000, 0x0000000100000000)
  eden space 22016K, 100% used [0x00000000eab00000,0x00000000ec080000,0x00000000ec080000)
  from space 2560K, 99% used [0x00000000ec080000,0x00000000ec2ff6d8,0x00000000ec300000)
  to   space 7680K, 0% used [0x00000000ec800000,0x00000000ec800000,0x00000000ecf80000)
 ParOldGen       total 68608K, used 36858K [0x00000000c0000000, 0x00000000c4300000, 0x00000000eab00000)
  object space 68608K, 53% used [0x00000000c0000000,0x00000000c23fe9f8,0x00000000c4300000)
 Metaspace       used 52631K, committed 53760K, reserved 1114112K
  class space    used 5685K, committed 6144K, reserved 1048576K
}
Event: 5.280 GC heap after
{Heap after GC invocations=28 (full 2):
 PSYoungGen      total 25600K, used 3408K [0x00000000eab00000, 0x00000000ecb80000, 0x0000000100000000)
  eden space 22016K, 0% used [0x00000000eab00000,0x00000000eab00000,0x00000000ec080000)
  from space 3584K, 95% used [0x00000000ec800000,0x00000000ecb54010,0x00000000ecb80000)
  to   space 5120K, 0% used [0x00000000ec180000,0x00000000ec180000,0x00000000ec680000)
 ParOldGen       total 68608K, used 39164K [0x00000000c0000000, 0x00000000c4300000, 0x00000000eab00000)
  object space 68608K, 57% used [0x00000000c0000000,0x00000000c263f270,0x00000000c4300000)
 Metaspace       used 52631K, committed 53760K, reserved 1114112K
  class space    used 5685K, committed 6144K, reserved 1048576K
}
Event: 5.483 GC heap before
{Heap before GC invocations=29 (full 2):
 PSYoungGen      total 25600K, used 25424K [0x00000000eab00000, 0x00000000ecb80000, 0x0000000100000000)
  eden space 22016K, 100% used [0x00000000eab00000,0x00000000ec080000,0x00000000ec080000)
  from space 3584K, 95% used [0x00000000ec800000,0x00000000ecb54010,0x00000000ecb80000)
  to   space 5120K, 0% used [0x00000000ec180000,0x00000000ec180000,0x00000000ec680000)
 ParOldGen       total 68608K, used 39164K [0x00000000c0000000, 0x00000000c4300000, 0x00000000eab00000)
  object space 68608K, 57% used [0x00000000c0000000,0x00000000c263f270,0x00000000c4300000)
 Metaspace       used 52873K, committed 54016K, reserved 1114112K
  class space    used 5686K, committed 6144K, reserved 1048576K
}
Event: 5.486 GC heap after
{Heap after GC invocations=29 (full 2):
 PSYoungGen      total 23552K, used 1488K [0x00000000eab00000, 0x00000000ec880000, 0x0000000100000000)
  eden space 22016K, 0% used [0x00000000eab00000,0x00000000eab00000,0x00000000ec080000)
  from space 1536K, 96% used [0x00000000ec180000,0x00000000ec2f4010,0x00000000ec300000)
  to   space 2560K, 0% used [0x00000000ec600000,0x00000000ec600000,0x00000000ec880000)
 ParOldGen       total 68608K, used 41996K [0x00000000c0000000, 0x00000000c4300000, 0x00000000eab00000)
  object space 68608K, 61% used [0x00000000c0000000,0x00000000c2903078,0x00000000c4300000)
 Metaspace       used 52873K, committed 54016K, reserved 1114112K
  class space    used 5686K, committed 6144K, reserved 1048576K
}
Event: 5.734 GC heap before
{Heap before GC invocations=30 (full 2):
 PSYoungGen      total 23552K, used 23504K [0x00000000eab00000, 0x00000000ec880000, 0x0000000100000000)
  eden space 22016K, 100% used [0x00000000eab00000,0x00000000ec080000,0x00000000ec080000)
  from space 1536K, 96% used [0x00000000ec180000,0x00000000ec2f4010,0x00000000ec300000)
  to   space 2560K, 0% used [0x00000000ec600000,0x00000000ec600000,0x00000000ec880000)
 ParOldGen       total 68608K, used 41996K [0x00000000c0000000, 0x00000000c4300000, 0x00000000eab00000)
  object space 68608K, 61% used [0x00000000c0000000,0x00000000c2903078,0x00000000c4300000)
 Metaspace       used 53988K, committed 55168K, reserved 1114112K
  class space    used 5834K, committed 6272K, reserved 1048576K
}
Event: 5.737 GC heap after
{Heap after GC invocations=30 (full 2):
 PSYoungGen      total 24064K, used 1600K [0x00000000eab00000, 0x00000000ec800000, 0x0000000100000000)
  eden space 22016K, 0% used [0x00000000eab00000,0x00000000eab00000,0x00000000ec080000)
  from space 2048K, 78% used [0x00000000ec600000,0x00000000ec790000,0x00000000ec800000)
  to   space 2048K, 0% used [0x00000000ec400000,0x00000000ec400000,0x00000000ec600000)
 ParOldGen       total 68608K, used 43244K [0x00000000c0000000, 0x00000000c4300000, 0x00000000eab00000)
  object space 68608K, 63% used [0x00000000c0000000,0x00000000c2a3b078,0x00000000c4300000)
 Metaspace       used 53988K, committed 55168K, reserved 1114112K
  class space    used 5834K, committed 6272K, reserved 1048576K
}

