# JRE version: Java(TM) SE Runtime Environment (17.0.9+11) (build 17.0.9+11-LTS-201)
# Java VM: Java HotSpot(TM) 64-Bit Server VM (17.0.9+11-LTS-201, mixed mode, sharing, tiered, compressed oops, compressed class ptrs, g1 gc, windows-amd64)
GC Precious Log:
 CPUs: 8 total, 8 available
 Memory: 7979M
 Large Page Support: Disabled
 NUMA Support: Disabled
 Compressed Oops: Enabled (32-bit)
 Heap Region Size: 1M
 Heap Min Capacity: 8M
 Heap Initial Capacity: 126M
 Heap Max Capacity: 1996M
 Pre-touch: Disabled
 Parallel Workers: 8
 Concurrent Workers: 2
 Concurrent Refinement Workers: 8
 Periodic GC: Disabled
Heap:
 garbage-first heap   total 91136K, used 66253K [0x0000000083400000, 0x0000000100000000)
  region size 1024K, 21 young (21504K), 1 survivors (1024K)
 Metaspace       used 94052K, committed 94784K, reserved 1179648K
  class space    used 11867K, committed 12224K, reserved 1048576K
GC Heap History (20 events):
Event: 7.585 GC heap before
{Heap before GC invocations=28 (full 0):
 garbage-first heap   total 65536K, used 52443K [0x0000000083400000, 0x0000000100000000)
  region size 1024K, 21 young (21504K), 3 survivors (3072K)
 Metaspace       used 74870K, committed 75456K, reserved 1114112K
  class space    used 10073K, committed 10368K, reserved 1048576K
}
Event: 7.588 GC heap after
{Heap after GC invocations=29 (full 0):
 garbage-first heap   total 65536K, used 35962K [0x0000000083400000, 0x0000000100000000)
  region size 1024K, 2 young (2048K), 2 survivors (2048K)
 Metaspace       used 74870K, committed 75456K, reserved 1114112K
  class space    used 10073K, committed 10368K, reserved 1048576K
}
Event: 22.128 GC heap before
{Heap before GC invocations=30 (full 0):
 garbage-first heap   total 65536K, used 51322K [0x0000000083400000, 0x0000000100000000)
  region size 1024K, 18 young (18432K), 2 survivors (2048K)
 Metaspace       used 77724K, committed 78336K, reserved 1179648K
  class space    used 10428K, committed 10752K, reserved 1048576K
}
Event: 22.131 GC heap after
{Heap after GC invocations=31 (full 0):
 garbage-first heap   total 65536K, used 36897K [0x0000000083400000, 0x0000000100000000)
  region size 1024K, 2 young (2048K), 2 survivors (2048K)
 Metaspace       used 77724K, committed 78336K, reserved 1179648K
  class space    used 10428K, committed 10752K, reserved 1048576K
}
Event: 22.366 GC heap before
{Heap before GC invocations=31 (full 0):
 garbage-first heap   total 65536K, used 51233K [0x0000000083400000, 0x0000000100000000)
  region size 1024K, 17 young (17408K), 2 survivors (2048K)
 Metaspace       used 81201K, committed 81856K, reserved 1179648K
  class space    used 10942K, committed 11264K, reserved 1048576K
}
Event: 22.369 GC heap after
{Heap after GC invocations=32 (full 0):
 garbage-first heap   total 65536K, used 38534K [0x0000000083400000, 0x0000000100000000)
  region size 1024K, 3 young (3072K), 3 survivors (3072K)
 Metaspace       used 81201K, committed 81856K, reserved 1179648K
  class space    used 10942K, committed 11264K, reserved 1048576K
}
Event: 22.572 GC heap before
{Heap before GC invocations=33 (full 0):
 garbage-first heap   total 70656K, used 51846K [0x0000000083400000, 0x0000000100000000)
  region size 1024K, 17 young (17408K), 3 survivors (3072K)
 Metaspace       used 84313K, committed 84992K, reserved 1179648K
  class space    used 11193K, committed 11520K, reserved 1048576K
}
Event: 22.574 GC heap after
{Heap after GC invocations=34 (full 0):
 garbage-first heap   total 70656K, used 38924K [0x0000000083400000, 0x0000000100000000)
  region size 1024K, 2 young (2048K), 2 survivors (2048K)
 Metaspace       used 84313K, committed 84992K, reserved 1179648K
  class space    used 11193K, committed 11520K, reserved 1048576K
}
Event: 22.587 GC heap before
{Heap before GC invocations=34 (full 0):
 garbage-first heap   total 70656K, used 38924K [0x0000000083400000, 0x0000000100000000)
  region size 1024K, 3 young (3072K), 2 survivors (2048K)
 Metaspace       used 84615K, committed 85248K, reserved 1179648K
  class space    used 11230K, committed 11520K, reserved 1048576K
}
Event: 22.588 GC heap after
{Heap after GC invocations=35 (full 0):
 garbage-first heap   total 88064K, used 39059K [0x0000000083400000, 0x0000000100000000)
  region size 1024K, 1 young (1024K), 1 survivors (1024K)
 Metaspace       used 84615K, committed 85248K, reserved 1179648K
  class space    used 11230K, committed 11520K, reserved 1048576K
}
Event: 22.987 GC heap before
{Heap before GC invocations=35 (full 0):
 garbage-first heap   total 88064K, used 68755K [0x0000000083400000, 0x0000000100000000)
  region size 1024K, 31 young (31744K), 1 survivors (1024K)
 Metaspace       used 89995K, committed 90624K, reserved 1179648K
  class space    used 11681K, committed 11968K, reserved 1048576K
}
Event: 22.990 GC heap after
{Heap after GC invocations=36 (full 0):
 garbage-first heap   total 88064K, used 41148K [0x0000000083400000, 0x0000000100000000)
  region size 1024K, 3 young (3072K), 3 survivors (3072K)
 Metaspace       used 89995K, committed 90624K, reserved 1179648K
  class space    used 11681K, committed 11968K, reserved 1048576K
}
Event: 23.745 GC heap before
{Heap before GC invocations=36 (full 0):
 garbage-first heap   total 88064K, used 69820K [0x0000000083400000, 0x0000000100000000)
  region size 1024K, 32 young (32768K), 3 survivors (3072K)
 Metaspace       used 91460K, committed 92160K, reserved 1179648K
  class space    used 11757K, committed 12096K, reserved 1048576K
}
Event: 23.751 GC heap after
{Heap after GC invocations=37 (full 0):
 garbage-first heap   total 88064K, used 45131K [0x0000000083400000, 0x0000000100000000)
  region size 1024K, 4 young (4096K), 4 survivors (4096K)
 Metaspace       used 91460K, committed 92160K, reserved 1179648K
  class space    used 11757K, committed 12096K, reserved 1048576K
}
Event: 33.546 GC heap before
{Heap before GC invocations=37 (full 0):
 garbage-first heap   total 88064K, used 67659K [0x0000000083400000, 0x0000000100000000)
  region size 1024K, 27 young (27648K), 4 survivors (4096K)
 Metaspace       used 92790K, committed 93504K, reserved 1179648K
  class space    used 11856K, committed 12224K, reserved 1048576K
}
Event: 33.548 GC heap after
{Heap after GC invocations=38 (full 0):
 garbage-first heap   total 88064K, used 47793K [0x0000000083400000, 0x0000000100000000)
  region size 1024K, 3 young (3072K), 3 survivors (3072K)
 Metaspace       used 92790K, committed 93504K, reserved 1179648K
  class space    used 11856K, committed 12224K, reserved 1048576K
}
Event: 44.618 GC heap before
{Heap before GC invocations=39 (full 0):
 garbage-first heap   total 91136K, used 68273K [0x0000000083400000, 0x0000000100000000)
  region size 1024K, 24 young (24576K), 3 survivors (3072K)
 Metaspace       used 93554K, committed 94272K, reserved 1179648K
  class space    used 11862K, committed 12224K, reserved 1048576K
}
Event: 44.620 GC heap after
{Heap after GC invocations=40 (full 0):
 garbage-first heap   total 91136K, used 47397K [0x0000000083400000, 0x0000000100000000)
  region size 1024K, 1 young (1024K), 1 survivors (1024K)
 Metaspace       used 93554K, committed 94272K, reserved 1179648K
  class space    used 11862K, committed 12224K, reserved 1048576K
}
Event: 50.859 GC heap before
{Heap before GC invocations=40 (full 0):
 garbage-first heap   total 91136K, used 50469K [0x0000000083400000, 0x0000000100000000)
  region size 1024K, 4 young (4096K), 1 survivors (1024K)
 Metaspace       used 93690K, committed 94464K, reserved 1179648K
  class space    used 11863K, committed 12224K, reserved 1048576K
}
Event: 50.861 GC heap after
{Heap after GC invocations=41 (full 0):
 garbage-first heap   total 91136K, used 46797K [0x0000000083400000, 0x0000000100000000)
  region size 1024K, 1 young (1024K), 1 survivors (1024K)
 Metaspace       used 93690K, committed 94464K, reserved 1179648K
  class space    used 11863K, committed 12224K, reserved 1048576K
}

