# JRE version: Java(TM) SE Runtime Environment (17.0.9+11) (build 17.0.9+11-LTS-201)
# Java VM: Java HotSpot(TM) 64-Bit Server VM (17.0.9+11-LTS-201, mixed mode, sharing, tiered, compressed oops, compressed class ptrs, g1 gc, windows-amd64)
GC Precious Log:
 CPUs: 8 total, 8 available
 Memory: 7979M
 Large Page Support: Disabled
 NUMA Support: Disabled
 Compressed Oops: Enabled (32-bit)
 Heap Region Size: 1M
 Heap Min Capacity: 8M
 Heap Initial Capacity: 126M
 Heap Max Capacity: 1996M
 Pre-touch: Disabled
 Parallel Workers: 8
 Concurrent Workers: 2
 Concurrent Refinement Workers: 8
 Periodic GC: Disabled
Heap:
 garbage-first heap   total 157696K, used 93197K [0x0000000083400000, 0x0000000100000000)
  region size 1024K, 53 young (54272K), 6 survivors (6144K)
 Metaspace       used 90684K, committed 91392K, reserved 1179648K
  class space    used 11335K, committed 11712K, reserved 1048576K
GC Heap History (20 events):
Event: 127.265 GC heap before
{Heap before GC invocations=27 (full 1):
 garbage-first heap   total 75776K, used 58853K [0x0000000083400000, 0x0000000100000000)
  region size 1024K, 25 young (25600K), 1 survivors (1024K)
 Metaspace       used 88260K, committed 88960K, reserved 1179648K
  class space    used 11194K, committed 11584K, reserved 1048576K
}
Event: 127.267 GC heap after
{Heap after GC invocations=28 (full 1):
 garbage-first heap   total 75776K, used 35895K [0x0000000083400000, 0x0000000100000000)
  region size 1024K, 3 young (3072K), 3 survivors (3072K)
 Metaspace       used 88260K, committed 88960K, reserved 1179648K
  class space    used 11194K, committed 11584K, reserved 1048576K
}
Event: 127.407 GC heap before
{Heap before GC invocations=29 (full 1):
 garbage-first heap   total 78848K, used 59447K [0x0000000083400000, 0x0000000100000000)
  region size 1024K, 26 young (26624K), 3 survivors (3072K)
 Metaspace       used 88431K, committed 89152K, reserved 1179648K
  class space    used 11201K, committed 11584K, reserved 1048576K
}
Event: 127.410 GC heap after
{Heap after GC invocations=30 (full 1):
 garbage-first heap   total 78848K, used 36704K [0x0000000083400000, 0x0000000100000000)
  region size 1024K, 3 young (3072K), 3 survivors (3072K)
 Metaspace       used 88431K, committed 89152K, reserved 1179648K
  class space    used 11201K, committed 11584K, reserved 1048576K
}
Event: 357.712 GC heap before
{Heap before GC invocations=30 (full 1):
 garbage-first heap   total 78848K, used 62304K [0x0000000083400000, 0x0000000100000000)
  region size 1024K, 28 young (28672K), 3 survivors (3072K)
 Metaspace       used 88756K, committed 89536K, reserved 1179648K
  class space    used 11247K, committed 11648K, reserved 1048576K
}
Event: 357.717 GC heap after
{Heap after GC invocations=31 (full 1):
 garbage-first heap   total 78848K, used 38555K [0x0000000083400000, 0x0000000100000000)
  region size 1024K, 3 young (3072K), 3 survivors (3072K)
 Metaspace       used 88756K, committed 89536K, reserved 1179648K
  class space    used 11247K, committed 11648K, reserved 1048576K
}
Event: 358.221 GC heap before
{Heap before GC invocations=32 (full 1):
 garbage-first heap   total 78848K, used 62107K [0x0000000083400000, 0x0000000100000000)
  region size 1024K, 26 young (26624K), 3 survivors (3072K)
 Metaspace       used 88989K, committed 89728K, reserved 1179648K
  class space    used 11257K, committed 11648K, reserved 1048576K
}
Event: 358.225 GC heap after
{Heap after GC invocations=33 (full 1):
 garbage-first heap   total 78848K, used 39384K [0x0000000083400000, 0x0000000100000000)
  region size 1024K, 2 young (2048K), 2 survivors (2048K)
 Metaspace       used 88989K, committed 89728K, reserved 1179648K
  class space    used 11257K, committed 11648K, reserved 1048576K
}
Event: 358.234 GC heap before
{Heap before GC invocations=33 (full 1):
 garbage-first heap   total 78848K, used 40408K [0x0000000083400000, 0x0000000100000000)
  region size 1024K, 3 young (3072K), 2 survivors (2048K)
 Metaspace       used 88989K, committed 89728K, reserved 1179648K
  class space    used 11257K, committed 11648K, reserved 1048576K
}
Event: 358.236 GC heap after
{Heap after GC invocations=34 (full 1):
 garbage-first heap   total 78848K, used 39733K [0x0000000083400000, 0x0000000100000000)
  region size 1024K, 1 young (1024K), 1 survivors (1024K)
 Metaspace       used 88989K, committed 89728K, reserved 1179648K
  class space    used 11257K, committed 11648K, reserved 1048576K
}
Event: 358.531 GC heap before
{Heap before GC invocations=34 (full 1):
 garbage-first heap   total 78848K, used 62261K [0x0000000083400000, 0x0000000100000000)
  region size 1024K, 23 young (23552K), 1 survivors (1024K)
 Metaspace       used 89133K, committed 89920K, reserved 1179648K
  class space    used 11262K, committed 11648K, reserved 1048576K
}
Event: 358.533 GC heap after
{Heap after GC invocations=35 (full 1):
 garbage-first heap   total 78848K, used 40300K [0x0000000083400000, 0x0000000100000000)
  region size 1024K, 1 young (1024K), 1 survivors (1024K)
 Metaspace       used 89133K, committed 89920K, reserved 1179648K
  class space    used 11262K, committed 11648K, reserved 1048576K
}
Event: 358.895 GC heap before
{Heap before GC invocations=36 (full 1):
 garbage-first heap   total 78848K, used 62828K [0x0000000083400000, 0x0000000100000000)
  region size 1024K, 23 young (23552K), 1 survivors (1024K)
 Metaspace       used 89568K, committed 90304K, reserved 1179648K
  class space    used 11276K, committed 11648K, reserved 1048576K
}
Event: 358.898 GC heap after
{Heap after GC invocations=37 (full 1):
 garbage-first heap   total 78848K, used 41722K [0x0000000083400000, 0x0000000100000000)
  region size 1024K, 3 young (3072K), 3 survivors (3072K)
 Metaspace       used 89568K, committed 90304K, reserved 1179648K
  class space    used 11276K, committed 11648K, reserved 1048576K
}
Event: 358.909 GC heap before
{Heap before GC invocations=37 (full 1):
 garbage-first heap   total 78848K, used 42746K [0x0000000083400000, 0x0000000100000000)
  region size 1024K, 4 young (4096K), 3 survivors (3072K)
 Metaspace       used 89581K, committed 90304K, reserved 1179648K
  class space    used 11276K, committed 11648K, reserved 1048576K
}
Event: 358.912 GC heap after
{Heap after GC invocations=38 (full 1):
 garbage-first heap   total 78848K, used 42034K [0x0000000083400000, 0x0000000100000000)
  region size 1024K, 1 young (1024K), 1 survivors (1024K)
 Metaspace       used 89581K, committed 90304K, reserved 1179648K
  class space    used 11276K, committed 11648K, reserved 1048576K
}
Event: 372.647 GC heap before
{Heap before GC invocations=38 (full 1):
 garbage-first heap   total 78848K, used 62514K [0x0000000083400000, 0x0000000100000000)
  region size 1024K, 22 young (22528K), 1 survivors (1024K)
 Metaspace       used 89694K, committed 90432K, reserved 1179648K
  class space    used 11282K, committed 11648K, reserved 1048576K
}
Event: 372.649 GC heap after
{Heap after GC invocations=39 (full 1):
 garbage-first heap   total 157696K, used 42823K [0x0000000083400000, 0x0000000100000000)
  region size 1024K, 2 young (2048K), 2 survivors (2048K)
 Metaspace       used 89694K, committed 90432K, reserved 1179648K
  class space    used 11282K, committed 11648K, reserved 1048576K
}
Event: 373.827 GC heap before
{Heap before GC invocations=39 (full 1):
 garbage-first heap   total 157696K, used 122695K [0x0000000083400000, 0x0000000100000000)
  region size 1024K, 80 young (81920K), 2 survivors (2048K)
 Metaspace       used 90487K, committed 91264K, reserved 1179648K
  class space    used 11320K, committed 11712K, reserved 1048576K
}
Event: 373.832 GC heap after
{Heap after GC invocations=40 (full 1):
 garbage-first heap   total 157696K, used 47117K [0x0000000083400000, 0x0000000100000000)
  region size 1024K, 6 young (6144K), 6 survivors (6144K)
 Metaspace       used 90487K, committed 91264K, reserved 1179648K
  class space    used 11320K, committed 11712K, reserved 1048576K
}

