# JRE version: Java(TM) SE Runtime Environment (17.0.9+11) (build 17.0.9+11-LTS-201)
# Java VM: Java HotSpot(TM) 64-Bit Server VM (17.0.9+11-LTS-201, mixed mode, sharing, tiered, compressed oops, compressed class ptrs, g1 gc, windows-amd64)
GC Precious Log:
 CPUs: 8 total, 8 available
 Memory: 7979M
 Large Page Support: Disabled
 NUMA Support: Disabled
 Compressed Oops: Enabled (32-bit)
 Heap Region Size: 1M
 Heap Min Capacity: 8M
 Heap Initial Capacity: 126M
 Heap Max Capacity: 1996M
 Pre-touch: Disabled
 Parallel Workers: 8
 Concurrent Workers: 2
 Concurrent Refinement Workers: 8
 Periodic GC: Disabled
Heap:
 garbage-first heap   total 91136K, used 70235K [0x0000000083400000, 0x0000000100000000)
  region size 1024K, 39 young (39936K), 0 survivors (0K)
 Metaspace       used 90596K, committed 91328K, reserved 1179648K
  class space    used 11428K, committed 11776K, reserved 1048576K
GC Heap History (20 events):
Event: 74.306 GC heap before
{Heap before GC invocations=23 (full 1):
 garbage-first heap   total 91136K, used 71044K [0x0000000083400000, 0x0000000100000000)
  region size 1024K, 40 young (40960K), 0 survivors (0K)
 Metaspace       used 85063K, committed 85696K, reserved 1179648K
  class space    used 10963K, committed 11264K, reserved 1048576K
}
Event: 74.309 GC heap after
{Heap after GC invocations=24 (full 1):
 garbage-first heap   total 91136K, used 33542K [0x0000000083400000, 0x0000000100000000)
  region size 1024K, 4 young (4096K), 4 survivors (4096K)
 Metaspace       used 85063K, committed 85696K, reserved 1179648K
  class space    used 10963K, committed 11264K, reserved 1048576K
}
Event: 74.715 GC heap before
{Heap before GC invocations=24 (full 1):
 garbage-first heap   total 91136K, used 70406K [0x0000000083400000, 0x0000000100000000)
  region size 1024K, 40 young (40960K), 4 survivors (4096K)
 Metaspace       used 85628K, committed 86272K, reserved 1179648K
  class space    used 10984K, committed 11328K, reserved 1048576K
}
Event: 74.718 GC heap after
{Heap after GC invocations=25 (full 1):
 garbage-first heap   total 91136K, used 35144K [0x0000000083400000, 0x0000000100000000)
  region size 1024K, 3 young (3072K), 3 survivors (3072K)
 Metaspace       used 85628K, committed 86272K, reserved 1179648K
  class space    used 10984K, committed 11328K, reserved 1048576K
}
Event: 74.977 GC heap before
{Heap before GC invocations=25 (full 1):
 garbage-first heap   total 91136K, used 70984K [0x0000000083400000, 0x0000000100000000)
  region size 1024K, 38 young (38912K), 3 survivors (3072K)
 Metaspace       used 85933K, committed 86656K, reserved 1179648K
  class space    used 10995K, committed 11328K, reserved 1048576K
}
Event: 74.979 GC heap after
{Heap after GC invocations=26 (full 1):
 garbage-first heap   total 91136K, used 36375K [0x0000000083400000, 0x0000000100000000)
  region size 1024K, 4 young (4096K), 4 survivors (4096K)
 Metaspace       used 85933K, committed 86656K, reserved 1179648K
  class space    used 10995K, committed 11328K, reserved 1048576K
}
Event: 249.887 GC heap before
{Heap before GC invocations=26 (full 1):
 garbage-first heap   total 91136K, used 57879K [0x0000000083400000, 0x0000000100000000)
  region size 1024K, 26 young (26624K), 4 survivors (4096K)
 Metaspace       used 86045K, committed 86784K, reserved 1179648K
  class space    used 10997K, committed 11328K, reserved 1048576K
}
Event: 249.936 GC heap after
{Heap after GC invocations=27 (full 2):
 garbage-first heap   total 91136K, used 30162K [0x0000000083400000, 0x0000000100000000)
  region size 1024K, 0 young (0K), 0 survivors (0K)
 Metaspace       used 86042K, committed 86784K, reserved 1179648K
  class space    used 10996K, committed 11328K, reserved 1048576K
}
Event: 250.322 GC heap before
{Heap before GC invocations=27 (full 2):
 garbage-first heap   total 91136K, used 72146K [0x0000000083400000, 0x0000000100000000)
  region size 1024K, 41 young (41984K), 0 survivors (0K)
 Metaspace       used 86364K, committed 86976K, reserved 1179648K
  class space    used 11014K, committed 11328K, reserved 1048576K
}
Event: 250.325 GC heap after
{Heap after GC invocations=28 (full 2):
 garbage-first heap   total 91136K, used 33333K [0x0000000083400000, 0x0000000100000000)
  region size 1024K, 4 young (4096K), 4 survivors (4096K)
 Metaspace       used 86364K, committed 86976K, reserved 1179648K
  class space    used 11014K, committed 11328K, reserved 1048576K
}
Event: 250.782 GC heap before
{Heap before GC invocations=28 (full 2):
 garbage-first heap   total 91136K, used 71221K [0x0000000083400000, 0x0000000100000000)
  region size 1024K, 41 young (41984K), 4 survivors (4096K)
 Metaspace       used 86861K, committed 87552K, reserved 1179648K
  class space    used 11031K, committed 11392K, reserved 1048576K
}
Event: 250.787 GC heap after
{Heap after GC invocations=29 (full 2):
 garbage-first heap   total 91136K, used 35140K [0x0000000083400000, 0x0000000100000000)
  region size 1024K, 5 young (5120K), 5 survivors (5120K)
 Metaspace       used 86861K, committed 87552K, reserved 1179648K
  class space    used 11031K, committed 11392K, reserved 1048576K
}
Event: 250.926 GC heap before
{Heap before GC invocations=29 (full 2):
 garbage-first heap   total 91136K, used 72004K [0x0000000083400000, 0x0000000100000000)
  region size 1024K, 41 young (41984K), 5 survivors (5120K)
 Metaspace       used 87018K, committed 87744K, reserved 1179648K
  class space    used 11037K, committed 11392K, reserved 1048576K
}
Event: 250.930 GC heap after
{Heap after GC invocations=30 (full 2):
 garbage-first heap   total 91136K, used 36711K [0x0000000083400000, 0x0000000100000000)
  region size 1024K, 4 young (4096K), 4 survivors (4096K)
 Metaspace       used 87018K, committed 87744K, reserved 1179648K
  class space    used 11037K, committed 11392K, reserved 1048576K
}
Event: 251.956 GC heap before
{Heap before GC invocations=30 (full 2):
 garbage-first heap   total 91136K, used 72551K [0x0000000083400000, 0x0000000100000000)
  region size 1024K, 39 young (39936K), 4 survivors (4096K)
 Metaspace       used 87633K, committed 88320K, reserved 1179648K
  class space    used 11067K, committed 11392K, reserved 1048576K
}
Event: 251.958 GC heap after
{Heap after GC invocations=31 (full 2):
 garbage-first heap   total 91136K, used 37609K [0x0000000083400000, 0x0000000100000000)
  region size 1024K, 3 young (3072K), 3 survivors (3072K)
 Metaspace       used 87633K, committed 88320K, reserved 1179648K
  class space    used 11067K, committed 11392K, reserved 1048576K
}
Event: 269.669 GC heap before
{Heap before GC invocations=31 (full 2):
 garbage-first heap   total 91136K, used 71401K [0x0000000083400000, 0x0000000100000000)
  region size 1024K, 37 young (37888K), 3 survivors (3072K)
 Metaspace       used 90136K, committed 90816K, reserved 1179648K
  class space    used 11373K, committed 11712K, reserved 1048576K
}
Event: 269.671 GC heap after
{Heap after GC invocations=32 (full 2):
 garbage-first heap   total 91136K, used 38788K [0x0000000083400000, 0x0000000100000000)
  region size 1024K, 4 young (4096K), 4 survivors (4096K)
 Metaspace       used 90136K, committed 90816K, reserved 1179648K
  class space    used 11373K, committed 11712K, reserved 1048576K
}
Event: 333.868 GC heap before
{Heap before GC invocations=32 (full 2):
 garbage-first heap   total 91136K, used 49028K [0x0000000083400000, 0x0000000100000000)
  region size 1024K, 16 young (16384K), 4 survivors (4096K)
 Metaspace       used 90452K, committed 91136K, reserved 1179648K
  class space    used 11416K, committed 11776K, reserved 1048576K
}
Event: 333.912 GC heap after
{Heap after GC invocations=33 (full 3):
 garbage-first heap   total 91136K, used 32347K [0x0000000083400000, 0x0000000100000000)
  region size 1024K, 0 young (0K), 0 survivors (0K)
 Metaspace       used 90370K, committed 91136K, reserved 1179648K
  class space    used 11410K, committed 11776K, reserved 1048576K
}

