# JRE version: OpenJDK Runtime Environment Temurin-17.0.11+9 (17.0.11+9) (build 17.0.11+9)
# Java VM: OpenJDK 64-Bit Server VM Temurin-17.0.11+9 (17.0.11+9, mixed mode, emulated-client, tiered, compressed oops, compressed class ptrs, g1 gc, windows-amd64)
GC Precious Log:
 CPUs: 8 total, 8 available
 Memory: 7979M
 Large Page Support: Disabled
 NUMA Support: Disabled
 Compressed Oops: Enabled (32-bit)
 Heap Region Size: 1M
 Heap Min Capacity: 8M
 Heap Initial Capacity: 126M
 Heap Max Capacity: 1G
 Pre-touch: Disabled
 Parallel Workers: 8
 Concurrent Workers: 2
 Concurrent Refinement Workers: 8
 Periodic GC: Disabled
Heap:
 garbage-first heap   total 106496K, used 38503K [0x00000000c0000000, 0x0000000100000000)
  region size 1024K, 1 young (1024K), 0 survivors (0K)
 Metaspace       used 61923K, committed 62464K, reserved 1114112K
  class space    used 7746K, committed 8000K, reserved 1048576K
GC Heap History (20 events):
Event: 43508.307 GC heap before
{Heap before GC invocations=3759 (full 3661):
 garbage-first heap   total 106496K, used 38503K [0x00000000c0000000, 0x0000000100000000)
  region size 1024K, 1 young (1024K), 0 survivors (0K)
 Metaspace       used 61923K, committed 62464K, reserved 1114112K
  class space    used 7746K, committed 8000K, reserved 1048576K
}
Event: 43508.347 GC heap after
{Heap after GC invocations=3760 (full 3662):
 garbage-first heap   total 106496K, used 38503K [0x00000000c0000000, 0x0000000100000000)
  region size 1024K, 0 young (0K), 0 survivors (0K)
 Metaspace       used 61923K, committed 62464K, reserved 1114112K
  class space    used 7746K, committed 8000K, reserved 1048576K
}
Event: 43518.460 GC heap before
{Heap before GC invocations=3760 (full 3662):
 garbage-first heap   total 106496K, used 38503K [0x00000000c0000000, 0x0000000100000000)
  region size 1024K, 1 young (1024K), 0 survivors (0K)
 Metaspace       used 61923K, committed 62464K, reserved 1114112K
  class space    used 7746K, committed 8000K, reserved 1048576K
}
Event: 43518.488 GC heap after
{Heap after GC invocations=3761 (full 3663):
 garbage-first heap   total 106496K, used 38503K [0x00000000c0000000, 0x0000000100000000)
  region size 1024K, 0 young (0K), 0 survivors (0K)
 Metaspace       used 61923K, committed 62464K, reserved 1114112K
  class space    used 7746K, committed 8000K, reserved 1048576K
}
Event: 43528.575 GC heap before
{Heap before GC invocations=3761 (full 3663):
 garbage-first heap   total 106496K, used 38503K [0x00000000c0000000, 0x0000000100000000)
  region size 1024K, 1 young (1024K), 0 survivors (0K)
 Metaspace       used 61923K, committed 62464K, reserved 1114112K
  class space    used 7746K, committed 8000K, reserved 1048576K
}
Event: 43528.606 GC heap after
{Heap after GC invocations=3762 (full 3664):
 garbage-first heap   total 106496K, used 38503K [0x00000000c0000000, 0x0000000100000000)
  region size 1024K, 0 young (0K), 0 survivors (0K)
 Metaspace       used 61923K, committed 62464K, reserved 1114112K
  class space    used 7746K, committed 8000K, reserved 1048576K
}
Event: 43538.690 GC heap before
{Heap before GC invocations=3762 (full 3664):
 garbage-first heap   total 106496K, used 38503K [0x00000000c0000000, 0x0000000100000000)
  region size 1024K, 1 young (1024K), 0 survivors (0K)
 Metaspace       used 61923K, committed 62464K, reserved 1114112K
  class space    used 7746K, committed 8000K, reserved 1048576K
}
Event: 43538.718 GC heap after
{Heap after GC invocations=3763 (full 3665):
 garbage-first heap   total 106496K, used 38503K [0x00000000c0000000, 0x0000000100000000)
  region size 1024K, 0 young (0K), 0 survivors (0K)
 Metaspace       used 61923K, committed 62464K, reserved 1114112K
  class space    used 7746K, committed 8000K, reserved 1048576K
}
Event: 43548.788 GC heap before
{Heap before GC invocations=3763 (full 3665):
 garbage-first heap   total 106496K, used 38503K [0x00000000c0000000, 0x0000000100000000)
  region size 1024K, 1 young (1024K), 0 survivors (0K)
 Metaspace       used 61923K, committed 62464K, reserved 1114112K
  class space    used 7746K, committed 8000K, reserved 1048576K
}
Event: 43548.817 GC heap after
{Heap after GC invocations=3764 (full 3666):
 garbage-first heap   total 106496K, used 38503K [0x00000000c0000000, 0x0000000100000000)
  region size 1024K, 0 young (0K), 0 survivors (0K)
 Metaspace       used 61923K, committed 62464K, reserved 1114112K
  class space    used 7746K, committed 8000K, reserved 1048576K
}
Event: 43558.888 GC heap before
{Heap before GC invocations=3764 (full 3666):
 garbage-first heap   total 106496K, used 38503K [0x00000000c0000000, 0x0000000100000000)
  region size 1024K, 1 young (1024K), 0 survivors (0K)
 Metaspace       used 61923K, committed 62464K, reserved 1114112K
  class space    used 7746K, committed 8000K, reserved 1048576K
}
Event: 43558.918 GC heap after
{Heap after GC invocations=3765 (full 3667):
 garbage-first heap   total 106496K, used 38503K [0x00000000c0000000, 0x0000000100000000)
  region size 1024K, 0 young (0K), 0 survivors (0K)
 Metaspace       used 61923K, committed 62464K, reserved 1114112K
  class space    used 7746K, committed 8000K, reserved 1048576K
}
Event: 43569.036 GC heap before
{Heap before GC invocations=3765 (full 3667):
 garbage-first heap   total 106496K, used 38503K [0x00000000c0000000, 0x0000000100000000)
  region size 1024K, 1 young (1024K), 0 survivors (0K)
 Metaspace       used 61923K, committed 62464K, reserved 1114112K
  class space    used 7746K, committed 8000K, reserved 1048576K
}
Event: 43569.064 GC heap after
{Heap after GC invocations=3766 (full 3668):
 garbage-first heap   total 106496K, used 38503K [0x00000000c0000000, 0x0000000100000000)
  region size 1024K, 0 young (0K), 0 survivors (0K)
 Metaspace       used 61923K, committed 62464K, reserved 1114112K
  class space    used 7746K, committed 8000K, reserved 1048576K
}
Event: 43579.153 GC heap before
{Heap before GC invocations=3766 (full 3668):
 garbage-first heap   total 106496K, used 38503K [0x00000000c0000000, 0x0000000100000000)
  region size 1024K, 1 young (1024K), 0 survivors (0K)
 Metaspace       used 61923K, committed 62464K, reserved 1114112K
  class space    used 7746K, committed 8000K, reserved 1048576K
}
Event: 43579.187 GC heap after
{Heap after GC invocations=3767 (full 3669):
 garbage-first heap   total 106496K, used 38503K [0x00000000c0000000, 0x0000000100000000)
  region size 1024K, 0 young (0K), 0 survivors (0K)
 Metaspace       used 61923K, committed 62464K, reserved 1114112K
  class space    used 7746K, committed 8000K, reserved 1048576K
}
Event: 43589.294 GC heap before
{Heap before GC invocations=3767 (full 3669):
 garbage-first heap   total 106496K, used 38503K [0x00000000c0000000, 0x0000000100000000)
  region size 1024K, 1 young (1024K), 0 survivors (0K)
 Metaspace       used 61923K, committed 62464K, reserved 1114112K
  class space    used 7746K, committed 8000K, reserved 1048576K
}
Event: 43589.322 GC heap after
{Heap after GC invocations=3768 (full 3670):
 garbage-first heap   total 106496K, used 38503K [0x00000000c0000000, 0x0000000100000000)
  region size 1024K, 0 young (0K), 0 survivors (0K)
 Metaspace       used 61923K, committed 62464K, reserved 1114112K
  class space    used 7746K, committed 8000K, reserved 1048576K
}
Event: 43599.420 GC heap before
{Heap before GC invocations=3768 (full 3670):
 garbage-first heap   total 106496K, used 38503K [0x00000000c0000000, 0x0000000100000000)
  region size 1024K, 1 young (1024K), 0 survivors (0K)
 Metaspace       used 61923K, committed 62464K, reserved 1114112K
  class space    used 7746K, committed 8000K, reserved 1048576K
}
Event: 43599.452 GC heap after
{Heap after GC invocations=3769 (full 3671):
 garbage-first heap   total 106496K, used 38503K [0x00000000c0000000, 0x0000000100000000)
  region size 1024K, 0 young (0K), 0 survivors (0K)
 Metaspace       used 61923K, committed 62464K, reserved 1114112K
  class space    used 7746K, committed 8000K, reserved 1048576K
}

