# JRE version: Java(TM) SE Runtime Environment (17.0.9+11) (build 17.0.9+11-LTS-201)
# Java VM: Java HotSpot(TM) 64-Bit Server VM (17.0.9+11-LTS-201, mixed mode, sharing, tiered, compressed oops, compressed class ptrs, g1 gc, windows-amd64)
GC Precious Log:
 CPUs: 8 total, 8 available
 Memory: 7979M
 Large Page Support: Disabled
 NUMA Support: Disabled
 Compressed Oops: Enabled (32-bit)
 Heap Region Size: 1M
 Heap Min Capacity: 8M
 Heap Initial Capacity: 126M
 Heap Max Capacity: 1996M
 Pre-touch: Disabled
 Parallel Workers: 8
 Concurrent Workers: 2
 Concurrent Refinement Workers: 8
 Periodic GC: Disabled
Heap:
 garbage-first heap   total 92160K, used 51119K [0x0000000083400000, 0x0000000100000000)
  region size 1024K, 22 young (22528K), 4 survivors (4096K)
 Metaspace       used 84459K, committed 85056K, reserved 1179648K
  class space    used 10778K, committed 11072K, reserved 1048576K
GC Heap History (20 events):
Event: 4.504 GC heap before
{Heap before GC invocations=11 (full 0):
 garbage-first heap   total 51200K, used 39943K [0x0000000083400000, 0x0000000100000000)
  region size 1024K, 21 young (21504K), 2 survivors (2048K)
 Metaspace       used 40248K, committed 40768K, reserved 1114112K
  class space    used 5272K, committed 5568K, reserved 1048576K
}
Event: 4.509 GC heap after
{Heap after GC invocations=12 (full 0):
 garbage-first heap   total 51200K, used 21340K [0x0000000083400000, 0x0000000100000000)
  region size 1024K, 3 young (3072K), 3 survivors (3072K)
 Metaspace       used 40248K, committed 40768K, reserved 1114112K
  class space    used 5272K, committed 5568K, reserved 1048576K
}
Event: 4.545 GC heap before
{Heap before GC invocations=12 (full 0):
 garbage-first heap   total 51200K, used 22364K [0x0000000083400000, 0x0000000100000000)
  region size 1024K, 4 young (4096K), 3 survivors (3072K)
 Metaspace       used 40523K, committed 41088K, reserved 1114112K
  class space    used 5303K, committed 5568K, reserved 1048576K
}
Event: 4.552 GC heap after
{Heap after GC invocations=13 (full 0):
 garbage-first heap   total 51200K, used 21347K [0x0000000083400000, 0x0000000100000000)
  region size 1024K, 1 young (1024K), 1 survivors (1024K)
 Metaspace       used 40523K, committed 41088K, reserved 1114112K
  class space    used 5303K, committed 5568K, reserved 1048576K
}
Event: 4.920 GC heap before
{Heap before GC invocations=13 (full 0):
 garbage-first heap   total 51200K, used 39779K [0x0000000083400000, 0x0000000100000000)
  region size 1024K, 19 young (19456K), 1 survivors (1024K)
 Metaspace       used 48927K, committed 49408K, reserved 1114112K
  class space    used 6346K, committed 6592K, reserved 1048576K
}
Event: 4.922 GC heap after
{Heap after GC invocations=14 (full 0):
 garbage-first heap   total 92160K, used 23145K [0x0000000083400000, 0x0000000100000000)
  region size 1024K, 3 young (3072K), 3 survivors (3072K)
 Metaspace       used 48927K, committed 49408K, reserved 1114112K
  class space    used 6346K, committed 6592K, reserved 1048576K
}
Event: 5.658 GC heap before
{Heap before GC invocations=14 (full 0):
 garbage-first heap   total 92160K, used 66153K [0x0000000083400000, 0x0000000100000000)
  region size 1024K, 45 young (46080K), 3 survivors (3072K)
 Metaspace       used 59260K, committed 59776K, reserved 1114112K
  class space    used 7883K, committed 8128K, reserved 1048576K
}
Event: 5.663 GC heap after
{Heap after GC invocations=15 (full 0):
 garbage-first heap   total 92160K, used 25354K [0x0000000083400000, 0x0000000100000000)
  region size 1024K, 5 young (5120K), 5 survivors (5120K)
 Metaspace       used 59260K, committed 59776K, reserved 1114112K
  class space    used 7883K, committed 8128K, reserved 1048576K
}
Event: 5.786 GC heap before
{Heap before GC invocations=15 (full 0):
 garbage-first heap   total 92160K, used 30474K [0x0000000083400000, 0x0000000100000000)
  region size 1024K, 11 young (11264K), 5 survivors (5120K)
 Metaspace       used 59966K, committed 60480K, reserved 1114112K
  class space    used 7959K, committed 8256K, reserved 1048576K
}
Event: 5.789 GC heap after
{Heap after GC invocations=16 (full 0):
 garbage-first heap   total 92160K, used 25566K [0x0000000083400000, 0x0000000100000000)
  region size 1024K, 3 young (3072K), 3 survivors (3072K)
 Metaspace       used 59966K, committed 60480K, reserved 1114112K
  class space    used 7959K, committed 8256K, reserved 1048576K
}
Event: 6.366 GC heap before
{Heap before GC invocations=17 (full 0):
 garbage-first heap   total 92160K, used 70622K [0x0000000083400000, 0x0000000100000000)
  region size 1024K, 47 young (48128K), 3 survivors (3072K)
 Metaspace       used 66215K, committed 66752K, reserved 1114112K
  class space    used 8865K, committed 9152K, reserved 1048576K
}
Event: 6.371 GC heap after
{Heap after GC invocations=18 (full 0):
 garbage-first heap   total 92160K, used 28246K [0x0000000083400000, 0x0000000100000000)
  region size 1024K, 6 young (6144K), 6 survivors (6144K)
 Metaspace       used 66215K, committed 66752K, reserved 1114112K
  class space    used 8865K, committed 9152K, reserved 1048576K
}
Event: 6.391 GC heap before
{Heap before GC invocations=18 (full 0):
 garbage-first heap   total 92160K, used 29270K [0x0000000083400000, 0x0000000100000000)
  region size 1024K, 7 young (7168K), 6 survivors (6144K)
 Metaspace       used 66625K, committed 67200K, reserved 1114112K
  class space    used 8922K, committed 9216K, reserved 1048576K
}
Event: 6.395 GC heap after
{Heap after GC invocations=19 (full 0):
 garbage-first heap   total 92160K, used 28543K [0x0000000083400000, 0x0000000100000000)
  region size 1024K, 1 young (1024K), 1 survivors (1024K)
 Metaspace       used 66625K, committed 67200K, reserved 1114112K
  class space    used 8922K, committed 9216K, reserved 1048576K
}
Event: 7.014 GC heap before
{Heap before GC invocations=19 (full 0):
 garbage-first heap   total 92160K, used 71551K [0x0000000083400000, 0x0000000100000000)
  region size 1024K, 43 young (44032K), 1 survivors (1024K)
 Metaspace       used 69486K, committed 70080K, reserved 1114112K
  class space    used 9300K, committed 9600K, reserved 1048576K
}
Event: 7.018 GC heap after
{Heap after GC invocations=20 (full 0):
 garbage-first heap   total 92160K, used 31145K [0x0000000083400000, 0x0000000100000000)
  region size 1024K, 4 young (4096K), 4 survivors (4096K)
 Metaspace       used 69486K, committed 70080K, reserved 1114112K
  class space    used 9300K, committed 9600K, reserved 1048576K
}
Event: 7.768 GC heap before
{Heap before GC invocations=20 (full 0):
 garbage-first heap   total 92160K, used 70057K [0x0000000083400000, 0x0000000100000000)
  region size 1024K, 43 young (44032K), 4 survivors (4096K)
 Metaspace       used 77978K, committed 78592K, reserved 1179648K
  class space    used 10244K, committed 10560K, reserved 1048576K
}
Event: 7.774 GC heap after
{Heap after GC invocations=21 (full 0):
 garbage-first heap   total 92160K, used 33659K [0x0000000083400000, 0x0000000100000000)
  region size 1024K, 3 young (3072K), 3 survivors (3072K)
 Metaspace       used 77978K, committed 78592K, reserved 1179648K
  class space    used 10244K, committed 10560K, reserved 1048576K
}
Event: 8.448 GC heap before
{Heap before GC invocations=21 (full 0):
 garbage-first heap   total 92160K, used 71547K [0x0000000083400000, 0x0000000100000000)
  region size 1024K, 41 young (41984K), 3 survivors (3072K)
 Metaspace       used 83226K, committed 83776K, reserved 1179648K
  class space    used 10675K, committed 10944K, reserved 1048576K
}
Event: 8.451 GC heap after
{Heap after GC invocations=22 (full 0):
 garbage-first heap   total 92160K, used 34735K [0x0000000083400000, 0x0000000100000000)
  region size 1024K, 4 young (4096K), 4 survivors (4096K)
 Metaspace       used 83226K, committed 83776K, reserved 1179648K
  class space    used 10675K, committed 10944K, reserved 1048576K
}

