# JRE version: Java(TM) SE Runtime Environment (17.0.9+11) (build 17.0.9+11-LTS-201)
# Java VM: Java HotSpot(TM) 64-Bit Server VM (17.0.9+11-LTS-201, mixed mode, emulated-client, sharing, tiered, compressed oops, compressed class ptrs, g1 gc, windows-amd64)
GC Precious Log:
 CPUs: 8 total, 8 available
 Memory: 7979M
 Large Page Support: Disabled
 NUMA Support: Disabled
 Compressed Oops: Enabled (32-bit)
 Heap Region Size: 1M
 Heap Min Capacity: 8M
 Heap Initial Capacity: 126M
 Heap Max Capacity: 1G
 Pre-touch: Disabled
 Parallel Workers: 8
 Concurrent Workers: 2
 Concurrent Refinement Workers: 8
 Periodic GC: Disabled
Heap:
 garbage-first heap   total 89088K, used 29550K [0x00000000c0000000, 0x0000000100000000)
  region size 1024K, 1 young (1024K), 0 survivors (0K)
 Metaspace       used 51598K, committed 52224K, reserved 1114112K
  class space    used 6518K, committed 6784K, reserved 1048576K
GC Heap History (20 events):
Event: 6530.063 GC heap before
{Heap before GC invocations=584 (full 568):
 garbage-first heap   total 89088K, used 29550K [0x00000000c0000000, 0x0000000100000000)
  region size 1024K, 1 young (1024K), 0 survivors (0K)
 Metaspace       used 51598K, committed 52224K, reserved 1114112K
  class space    used 6518K, committed 6784K, reserved 1048576K
}
Event: 6530.084 GC heap after
{Heap after GC invocations=585 (full 569):
 garbage-first heap   total 89088K, used 29550K [0x00000000c0000000, 0x0000000100000000)
  region size 1024K, 0 young (0K), 0 survivors (0K)
 Metaspace       used 51598K, committed 52224K, reserved 1114112K
  class space    used 6518K, committed 6784K, reserved 1048576K
}
Event: 6540.211 GC heap before
{Heap before GC invocations=585 (full 569):
 garbage-first heap   total 89088K, used 29550K [0x00000000c0000000, 0x0000000100000000)
  region size 1024K, 1 young (1024K), 0 survivors (0K)
 Metaspace       used 51598K, committed 52224K, reserved 1114112K
  class space    used 6518K, committed 6784K, reserved 1048576K
}
Event: 6540.235 GC heap after
{Heap after GC invocations=586 (full 570):
 garbage-first heap   total 89088K, used 29550K [0x00000000c0000000, 0x0000000100000000)
  region size 1024K, 0 young (0K), 0 survivors (0K)
 Metaspace       used 51598K, committed 52224K, reserved 1114112K
  class space    used 6518K, committed 6784K, reserved 1048576K
}
Event: 6550.307 GC heap before
{Heap before GC invocations=586 (full 570):
 garbage-first heap   total 89088K, used 29550K [0x00000000c0000000, 0x0000000100000000)
  region size 1024K, 1 young (1024K), 0 survivors (0K)
 Metaspace       used 51598K, committed 52224K, reserved 1114112K
  class space    used 6518K, committed 6784K, reserved 1048576K
}
Event: 6550.328 GC heap after
{Heap after GC invocations=587 (full 571):
 garbage-first heap   total 89088K, used 29550K [0x00000000c0000000, 0x0000000100000000)
  region size 1024K, 0 young (0K), 0 survivors (0K)
 Metaspace       used 51598K, committed 52224K, reserved 1114112K
  class space    used 6518K, committed 6784K, reserved 1048576K
}
Event: 6560.424 GC heap before
{Heap before GC invocations=587 (full 571):
 garbage-first heap   total 89088K, used 29550K [0x00000000c0000000, 0x0000000100000000)
  region size 1024K, 1 young (1024K), 0 survivors (0K)
 Metaspace       used 51598K, committed 52224K, reserved 1114112K
  class space    used 6518K, committed 6784K, reserved 1048576K
}
Event: 6560.444 GC heap after
{Heap after GC invocations=588 (full 572):
 garbage-first heap   total 89088K, used 29550K [0x00000000c0000000, 0x0000000100000000)
  region size 1024K, 0 young (0K), 0 survivors (0K)
 Metaspace       used 51598K, committed 52224K, reserved 1114112K
  class space    used 6518K, committed 6784K, reserved 1048576K
}
Event: 6570.591 GC heap before
{Heap before GC invocations=588 (full 572):
 garbage-first heap   total 89088K, used 29550K [0x00000000c0000000, 0x0000000100000000)
  region size 1024K, 1 young (1024K), 0 survivors (0K)
 Metaspace       used 51598K, committed 52224K, reserved 1114112K
  class space    used 6518K, committed 6784K, reserved 1048576K
}
Event: 6570.639 GC heap after
{Heap after GC invocations=589 (full 573):
 garbage-first heap   total 89088K, used 29550K [0x00000000c0000000, 0x0000000100000000)
  region size 1024K, 0 young (0K), 0 survivors (0K)
 Metaspace       used 51598K, committed 52224K, reserved 1114112K
  class space    used 6518K, committed 6784K, reserved 1048576K
}
Event: 6580.748 GC heap before
{Heap before GC invocations=589 (full 573):
 garbage-first heap   total 89088K, used 29550K [0x00000000c0000000, 0x0000000100000000)
  region size 1024K, 1 young (1024K), 0 survivors (0K)
 Metaspace       used 51598K, committed 52224K, reserved 1114112K
  class space    used 6518K, committed 6784K, reserved 1048576K
}
Event: 6580.777 GC heap after
{Heap after GC invocations=590 (full 574):
 garbage-first heap   total 89088K, used 29550K [0x00000000c0000000, 0x0000000100000000)
  region size 1024K, 0 young (0K), 0 survivors (0K)
 Metaspace       used 51598K, committed 52224K, reserved 1114112K
  class space    used 6518K, committed 6784K, reserved 1048576K
}
Event: 6590.883 GC heap before
{Heap before GC invocations=590 (full 574):
 garbage-first heap   total 89088K, used 29550K [0x00000000c0000000, 0x0000000100000000)
  region size 1024K, 1 young (1024K), 0 survivors (0K)
 Metaspace       used 51598K, committed 52224K, reserved 1114112K
  class space    used 6518K, committed 6784K, reserved 1048576K
}
Event: 6590.903 GC heap after
{Heap after GC invocations=591 (full 575):
 garbage-first heap   total 89088K, used 29550K [0x00000000c0000000, 0x0000000100000000)
  region size 1024K, 0 young (0K), 0 survivors (0K)
 Metaspace       used 51598K, committed 52224K, reserved 1114112K
  class space    used 6518K, committed 6784K, reserved 1048576K
}
Event: 6601.021 GC heap before
{Heap before GC invocations=591 (full 575):
 garbage-first heap   total 89088K, used 29550K [0x00000000c0000000, 0x0000000100000000)
  region size 1024K, 1 young (1024K), 0 survivors (0K)
 Metaspace       used 51598K, committed 52224K, reserved 1114112K
  class space    used 6518K, committed 6784K, reserved 1048576K
}
Event: 6601.052 GC heap after
{Heap after GC invocations=592 (full 576):
 garbage-first heap   total 89088K, used 29550K [0x00000000c0000000, 0x0000000100000000)
  region size 1024K, 0 young (0K), 0 survivors (0K)
 Metaspace       used 51598K, committed 52224K, reserved 1114112K
  class space    used 6518K, committed 6784K, reserved 1048576K
}
Event: 6611.137 GC heap before
{Heap before GC invocations=592 (full 576):
 garbage-first heap   total 89088K, used 29550K [0x00000000c0000000, 0x0000000100000000)
  region size 1024K, 1 young (1024K), 0 survivors (0K)
 Metaspace       used 51598K, committed 52224K, reserved 1114112K
  class space    used 6518K, committed 6784K, reserved 1048576K
}
Event: 6611.157 GC heap after
{Heap after GC invocations=593 (full 577):
 garbage-first heap   total 89088K, used 29550K [0x00000000c0000000, 0x0000000100000000)
  region size 1024K, 0 young (0K), 0 survivors (0K)
 Metaspace       used 51598K, committed 52224K, reserved 1114112K
  class space    used 6518K, committed 6784K, reserved 1048576K
}
Event: 6621.244 GC heap before
{Heap before GC invocations=593 (full 577):
 garbage-first heap   total 89088K, used 29550K [0x00000000c0000000, 0x0000000100000000)
  region size 1024K, 1 young (1024K), 0 survivors (0K)
 Metaspace       used 51598K, committed 52224K, reserved 1114112K
  class space    used 6518K, committed 6784K, reserved 1048576K
}
Event: 6621.263 GC heap after
{Heap after GC invocations=594 (full 578):
 garbage-first heap   total 89088K, used 29550K [0x00000000c0000000, 0x0000000100000000)
  region size 1024K, 0 young (0K), 0 survivors (0K)
 Metaspace       used 51598K, committed 52224K, reserved 1114112K
  class space    used 6518K, committed 6784K, reserved 1048576K
}

