# JRE version: Java(TM) SE Runtime Environment (17.0.9+11) (build 17.0.9+11-LTS-201)
# Java VM: Java HotSpot(TM) 64-Bit Server VM (17.0.9+11-LTS-201, mixed mode, sharing, tiered, compressed oops, compressed class ptrs, g1 gc, windows-amd64)
GC Precious Log:
 CPUs: 8 total, 8 available
 Memory: 7979M
 Large Page Support: Disabled
 NUMA Support: Disabled
 Compressed Oops: Enabled (32-bit)
 Heap Region Size: 1M
 Heap Min Capacity: 8M
 Heap Initial Capacity: 126M
 Heap Max Capacity: 1996M
 Pre-touch: Disabled
 Parallel Workers: 8
 Concurrent Workers: 2
 Concurrent Refinement Workers: 8
 Periodic GC: Disabled
Heap:
 garbage-first heap   total 40960K, used 23013K [0x0000000083400000, 0x0000000100000000)
  region size 1024K, 11 young (11264K), 0 survivors (0K)
 Metaspace       used 30987K, committed 31424K, reserved 1114112K
  class space    used 3830K, committed 4032K, reserved 1048576K
GC Heap History (20 events):
Event: 1.494 GC heap before
{Heap before GC invocations=2 (full 0):
 garbage-first heap   total 129024K, used 46497K [0x0000000083400000, 0x0000000100000000)
  region size 1024K, 43 young (44032K), 3 survivors (3072K)
 Metaspace       used 21148K, committed 21504K, reserved 1114112K
  class space    used 2651K, committed 2816K, reserved 1048576K
}
Event: 1.499 GC heap after
{Heap after GC invocations=3 (full 0):
 garbage-first heap   total 129024K, used 10345K [0x0000000083400000, 0x0000000100000000)
  region size 1024K, 6 young (6144K), 6 survivors (6144K)
 Metaspace       used 21148K, committed 21504K, reserved 1114112K
  class space    used 2651K, committed 2816K, reserved 1048576K
}
Event: 1.907 GC heap before
{Heap before GC invocations=4 (full 0):
 garbage-first heap   total 40960K, used 28777K [0x0000000083400000, 0x0000000100000000)
  region size 1024K, 24 young (24576K), 6 survivors (6144K)
 Metaspace       used 24888K, committed 25280K, reserved 1114112K
  class space    used 3143K, committed 3328K, reserved 1048576K
}
Event: 1.913 GC heap after
{Heap after GC invocations=5 (full 0):
 garbage-first heap   total 40960K, used 12141K [0x0000000083400000, 0x0000000100000000)
  region size 1024K, 2 young (2048K), 2 survivors (2048K)
 Metaspace       used 24888K, committed 25280K, reserved 1114112K
  class space    used 3143K, committed 3328K, reserved 1048576K
}
Event: 1.936 GC heap before
{Heap before GC invocations=5 (full 0):
 garbage-first heap   total 40960K, used 13165K [0x0000000083400000, 0x0000000100000000)
  region size 1024K, 3 young (3072K), 2 survivors (2048K)
 Metaspace       used 24981K, committed 25408K, reserved 1114112K
  class space    used 3156K, committed 3392K, reserved 1048576K
}
Event: 1.938 GC heap after
{Heap after GC invocations=6 (full 0):
 garbage-first heap   total 40960K, used 12269K [0x0000000083400000, 0x0000000100000000)
  region size 1024K, 1 young (1024K), 1 survivors (1024K)
 Metaspace       used 24981K, committed 25408K, reserved 1114112K
  class space    used 3156K, committed 3392K, reserved 1048576K
}
Event: 2.282 GC heap before
{Heap before GC invocations=6 (full 0):
 garbage-first heap   total 40960K, used 29677K [0x0000000083400000, 0x0000000100000000)
  region size 1024K, 18 young (18432K), 1 survivors (1024K)
 Metaspace       used 28010K, committed 28480K, reserved 1114112K
  class space    used 3550K, committed 3776K, reserved 1048576K
}
Event: 2.285 GC heap after
{Heap after GC invocations=7 (full 0):
 garbage-first heap   total 40960K, used 14044K [0x0000000083400000, 0x0000000100000000)
  region size 1024K, 3 young (3072K), 3 survivors (3072K)
 Metaspace       used 28010K, committed 28480K, reserved 1114112K
  class space    used 3550K, committed 3776K, reserved 1048576K
}
Event: 2.519 GC heap before
{Heap before GC invocations=7 (full 0):
 garbage-first heap   total 40960K, used 30428K [0x0000000083400000, 0x0000000100000000)
  region size 1024K, 19 young (19456K), 3 survivors (3072K)
 Metaspace       used 28226K, committed 28672K, reserved 1114112K
  class space    used 3550K, committed 3776K, reserved 1048576K
}
Event: 2.521 GC heap after
{Heap after GC invocations=8 (full 0):
 garbage-first heap   total 40960K, used 15585K [0x0000000083400000, 0x0000000100000000)
  region size 1024K, 2 young (2048K), 2 survivors (2048K)
 Metaspace       used 28226K, committed 28672K, reserved 1114112K
  class space    used 3550K, committed 3776K, reserved 1048576K
}
Event: 12.743 GC heap before
{Heap before GC invocations=8 (full 0):
 garbage-first heap   total 40960K, used 24801K [0x0000000083400000, 0x0000000100000000)
  region size 1024K, 12 young (12288K), 2 survivors (2048K)
 Metaspace       used 28857K, committed 29312K, reserved 1114112K
  class space    used 3631K, committed 3840K, reserved 1048576K
}
Event: 12.764 GC heap after
{Heap after GC invocations=9 (full 1):
 garbage-first heap   total 40960K, used 12337K [0x0000000083400000, 0x0000000100000000)
  region size 1024K, 0 young (0K), 0 survivors (0K)
 Metaspace       used 28855K, committed 29312K, reserved 1114112K
  class space    used 3630K, committed 3840K, reserved 1048576K
}
Event: 13.549 GC heap before
{Heap before GC invocations=9 (full 1):
 garbage-first heap   total 40960K, used 29745K [0x0000000083400000, 0x0000000100000000)
  region size 1024K, 17 young (17408K), 0 survivors (0K)
 Metaspace       used 29032K, committed 29504K, reserved 1114112K
  class space    used 3636K, committed 3840K, reserved 1048576K
}
Event: 13.556 GC heap after
{Heap after GC invocations=10 (full 1):
 garbage-first heap   total 40960K, used 14179K [0x0000000083400000, 0x0000000100000000)
  region size 1024K, 2 young (2048K), 2 survivors (2048K)
 Metaspace       used 29032K, committed 29504K, reserved 1114112K
  class space    used 3636K, committed 3840K, reserved 1048576K
}
Event: 14.213 GC heap before
{Heap before GC invocations=10 (full 1):
 garbage-first heap   total 40960K, used 29539K [0x0000000083400000, 0x0000000100000000)
  region size 1024K, 17 young (17408K), 2 survivors (2048K)
 Metaspace       used 29215K, committed 29696K, reserved 1114112K
  class space    used 3637K, committed 3840K, reserved 1048576K
}
Event: 14.215 GC heap after
{Heap after GC invocations=11 (full 1):
 garbage-first heap   total 40960K, used 15659K [0x0000000083400000, 0x0000000100000000)
  region size 1024K, 2 young (2048K), 2 survivors (2048K)
 Metaspace       used 29215K, committed 29696K, reserved 1114112K
  class space    used 3637K, committed 3840K, reserved 1048576K
}
Event: 14.363 GC heap before
{Heap before GC invocations=11 (full 1):
 garbage-first heap   total 40960K, used 28971K [0x0000000083400000, 0x0000000100000000)
  region size 1024K, 15 young (15360K), 2 survivors (2048K)
 Metaspace       used 29344K, committed 29760K, reserved 1114112K
  class space    used 3640K, committed 3840K, reserved 1048576K
}
Event: 14.365 GC heap after
{Heap after GC invocations=12 (full 1):
 garbage-first heap   total 40960K, used 16476K [0x0000000083400000, 0x0000000100000000)
  region size 1024K, 2 young (2048K), 2 survivors (2048K)
 Metaspace       used 29344K, committed 29760K, reserved 1114112K
  class space    used 3640K, committed 3840K, reserved 1048576K
}
Event: 181.311 GC heap before
{Heap before GC invocations=12 (full 1):
 garbage-first heap   total 40960K, used 26716K [0x0000000083400000, 0x0000000100000000)
  region size 1024K, 14 young (14336K), 2 survivors (2048K)
 Metaspace       used 30956K, committed 31424K, reserved 1114112K
  class space    used 3829K, committed 4032K, reserved 1048576K
}
Event: 181.346 GC heap after
{Heap after GC invocations=13 (full 2):
 garbage-first heap   total 40960K, used 12773K [0x0000000083400000, 0x0000000100000000)
  region size 1024K, 0 young (0K), 0 survivors (0K)
 Metaspace       used 30951K, committed 31424K, reserved 1114112K
  class space    used 3828K, committed 4032K, reserved 1048576K
}

