# JRE version: OpenJDK Runtime Environment Temurin-17.0.11+9 (17.0.11+9) (build 17.0.11+9)
# Java VM: OpenJDK 64-Bit Server VM Temurin-17.0.11+9 (17.0.11+9, mixed mode, tiered, compressed oops, compressed class ptrs, parallel gc, windows-amd64)
GC Precious Log:
 CPUs: 8 total, 8 available
 Memory: 7979M
 Large Page Support: Disabled
 NUMA Support: Disabled
 Compressed Oops: Enabled (32-bit)
 Alignments: Space 512K, Generation 512K, Heap 2M
 Heap Min Capacity: 100M
 Heap Initial Capacity: 100M
 Heap Max Capacity: 1G
 Pre-touch: Disabled
 Parallel Workers: 8
Heap:
 PSYoungGen      total 40960K, used 20070K [0x00000000eab00000, 0x00000000ede00000, 0x0000000100000000)
  eden space 32768K, 37% used [0x00000000eab00000,0x00000000eb7006d8,0x00000000ecb00000)
  from space 8192K, 94% used [0x00000000ed600000,0x00000000edd99200,0x00000000ede00000)
  to   space 8704K, 0% used [0x00000000ecd00000,0x00000000ecd00000,0x00000000ed580000)
 ParOldGen       total 172032K, used 108711K [0x00000000c0000000, 0x00000000ca800000, 0x00000000eab00000)
  object space 172032K, 63% used [0x00000000c0000000,0x00000000c6a29c18,0x00000000ca800000)
 Metaspace       used 73559K, committed 74816K, reserved 1179648K
  class space    used 7676K, committed 8256K, reserved 1048576K
GC Heap History (20 events):
Event: 9.458 GC heap before
{Heap before GC invocations=79 (full 7):
 PSYoungGen      total 32256K, used 32250K [0x00000000eab00000, 0x00000000ed100000, 0x0000000100000000)
  eden space 27136K, 100% used [0x00000000eab00000,0x00000000ec580000,0x00000000ec580000)
  from space 5120K, 99% used [0x00000000ecb00000,0x00000000ecffe908,0x00000000ed000000)
  to   space 5632K, 0% used [0x00000000ec580000,0x00000000ec580000,0x00000000ecb00000)
 ParOldGen       total 172032K, used 100707K [0x00000000c0000000, 0x00000000ca800000, 0x00000000eab00000)
  object space 172032K, 58% used [0x00000000c0000000,0x00000000c6258d68,0x00000000ca800000)
 Metaspace       used 66261K, committed 67456K, reserved 1114112K
  class space    used 6986K, committed 7552K, reserved 1048576K
}
Event: 9.461 GC heap after
{Heap after GC invocations=79 (full 7):
 PSYoungGen      total 32768K, used 5079K [0x00000000eab00000, 0x00000000ed200000, 0x0000000100000000)
  eden space 27136K, 0% used [0x00000000eab00000,0x00000000eab00000,0x00000000ec580000)
  from space 5632K, 90% used [0x00000000ec580000,0x00000000eca75db0,0x00000000ecb00000)
  to   space 5632K, 0% used [0x00000000ecc80000,0x00000000ecc80000,0x00000000ed200000)
 ParOldGen       total 172032K, used 101290K [0x00000000c0000000, 0x00000000ca800000, 0x00000000eab00000)
  object space 172032K, 58% used [0x00000000c0000000,0x00000000c62ea898,0x00000000ca800000)
 Metaspace       used 66261K, committed 67456K, reserved 1114112K
  class space    used 6986K, committed 7552K, reserved 1048576K
}
Event: 9.491 GC heap before
{Heap before GC invocations=80 (full 7):
 PSYoungGen      total 32768K, used 32215K [0x00000000eab00000, 0x00000000ed200000, 0x0000000100000000)
  eden space 27136K, 100% used [0x00000000eab00000,0x00000000ec580000,0x00000000ec580000)
  from space 5632K, 90% used [0x00000000ec580000,0x00000000eca75db0,0x00000000ecb00000)
  to   space 5632K, 0% used [0x00000000ecc80000,0x00000000ecc80000,0x00000000ed200000)
 ParOldGen       total 172032K, used 101290K [0x00000000c0000000, 0x00000000ca800000, 0x00000000eab00000)
  object space 172032K, 58% used [0x00000000c0000000,0x00000000c62ea898,0x00000000ca800000)
 Metaspace       used 66285K, committed 67520K, reserved 1114112K
  class space    used 6986K, committed 7552K, reserved 1048576K
}
Event: 9.494 GC heap after
{Heap after GC invocations=80 (full 7):
 PSYoungGen      total 33792K, used 4943K [0x00000000eab00000, 0x00000000ed180000, 0x0000000100000000)
  eden space 28672K, 0% used [0x00000000eab00000,0x00000000eab00000,0x00000000ec700000)
  from space 5120K, 96% used [0x00000000ecc80000,0x00000000ed153fe8,0x00000000ed180000)
  to   space 5120K, 0% used [0x00000000ec780000,0x00000000ec780000,0x00000000ecc80000)
 ParOldGen       total 172032K, used 101298K [0x00000000c0000000, 0x00000000ca800000, 0x00000000eab00000)
  object space 172032K, 58% used [0x00000000c0000000,0x00000000c62ec898,0x00000000ca800000)
 Metaspace       used 66285K, committed 67520K, reserved 1114112K
  class space    used 6986K, committed 7552K, reserved 1048576K
}
Event: 9.519 GC heap before
{Heap before GC invocations=81 (full 7):
 PSYoungGen      total 33792K, used 33615K [0x00000000eab00000, 0x00000000ed180000, 0x0000000100000000)
  eden space 28672K, 100% used [0x00000000eab00000,0x00000000ec700000,0x00000000ec700000)
  from space 5120K, 96% used [0x00000000ecc80000,0x00000000ed153fe8,0x00000000ed180000)
  to   space 5120K, 0% used [0x00000000ec780000,0x00000000ec780000,0x00000000ecc80000)
 ParOldGen       total 172032K, used 101298K [0x00000000c0000000, 0x00000000ca800000, 0x00000000eab00000)
  object space 172032K, 58% used [0x00000000c0000000,0x00000000c62ec898,0x00000000ca800000)
 Metaspace       used 66296K, committed 67520K, reserved 1114112K
  class space    used 6986K, committed 7552K, reserved 1048576K
}
Event: 9.522 GC heap after
{Heap after GC invocations=81 (full 7):
 PSYoungGen      total 34304K, used 5082K [0x00000000eab00000, 0x00000000ed280000, 0x0000000100000000)
  eden space 29184K, 0% used [0x00000000eab00000,0x00000000eab00000,0x00000000ec780000)
  from space 5120K, 99% used [0x00000000ec780000,0x00000000ecc76be0,0x00000000ecc80000)
  to   space 5120K, 0% used [0x00000000ecd80000,0x00000000ecd80000,0x00000000ed280000)
 ParOldGen       total 172032K, used 101298K [0x00000000c0000000, 0x00000000ca800000, 0x00000000eab00000)
  object space 172032K, 58% used [0x00000000c0000000,0x00000000c62ec898,0x00000000ca800000)
 Metaspace       used 66296K, committed 67520K, reserved 1114112K
  class space    used 6986K, committed 7552K, reserved 1048576K
}
Event: 9.550 GC heap before
{Heap before GC invocations=82 (full 7):
 PSYoungGen      total 34304K, used 34266K [0x00000000eab00000, 0x00000000ed280000, 0x0000000100000000)
  eden space 29184K, 100% used [0x00000000eab00000,0x00000000ec780000,0x00000000ec780000)
  from space 5120K, 99% used [0x00000000ec780000,0x00000000ecc76be0,0x00000000ecc80000)
  to   space 5120K, 0% used [0x00000000ecd80000,0x00000000ecd80000,0x00000000ed280000)
 ParOldGen       total 172032K, used 101298K [0x00000000c0000000, 0x00000000ca800000, 0x00000000eab00000)
  object space 172032K, 58% used [0x00000000c0000000,0x00000000c62ec898,0x00000000ca800000)
 Metaspace       used 66296K, committed 67520K, reserved 1114112K
  class space    used 6986K, committed 7552K, reserved 1048576K
}
Event: 9.554 GC heap after
{Heap after GC invocations=82 (full 7):
 PSYoungGen      total 34304K, used 5089K [0x00000000eab00000, 0x00000000ed280000, 0x0000000100000000)
  eden space 29184K, 0% used [0x00000000eab00000,0x00000000eab00000,0x00000000ec780000)
  from space 5120K, 99% used [0x00000000ecd80000,0x00000000ed2785f0,0x00000000ed280000)
  to   space 5120K, 0% used [0x00000000ec780000,0x00000000ec780000,0x00000000ecc80000)
 ParOldGen       total 172032K, used 101515K [0x00000000c0000000, 0x00000000ca800000, 0x00000000eab00000)
  object space 172032K, 59% used [0x00000000c0000000,0x00000000c6322d60,0x00000000ca800000)
 Metaspace       used 66296K, committed 67520K, reserved 1114112K
  class space    used 6986K, committed 7552K, reserved 1048576K
}
Event: 9.597 GC heap before
{Heap before GC invocations=83 (full 7):
 PSYoungGen      total 34304K, used 34273K [0x00000000eab00000, 0x00000000ed280000, 0x0000000100000000)
  eden space 29184K, 100% used [0x00000000eab00000,0x00000000ec780000,0x00000000ec780000)
  from space 5120K, 99% used [0x00000000ecd80000,0x00000000ed2785f0,0x00000000ed280000)
  to   space 5120K, 0% used [0x00000000ec780000,0x00000000ec780000,0x00000000ecc80000)
 ParOldGen       total 172032K, used 101515K [0x00000000c0000000, 0x00000000ca800000, 0x00000000eab00000)
  object space 172032K, 59% used [0x00000000c0000000,0x00000000c6322d60,0x00000000ca800000)
 Metaspace       used 66315K, committed 67520K, reserved 1114112K
  class space    used 6986K, committed 7552K, reserved 1048576K
}
Event: 9.600 GC heap after
{Heap after GC invocations=83 (full 7):
 PSYoungGen      total 34304K, used 4384K [0x00000000eab00000, 0x00000000ed300000, 0x0000000100000000)
  eden space 29184K, 0% used [0x00000000eab00000,0x00000000eab00000,0x00000000ec780000)
  from space 5120K, 85% used [0x00000000ec780000,0x00000000ecbc8020,0x00000000ecc80000)
  to   space 5120K, 0% used [0x00000000ece00000,0x00000000ece00000,0x00000000ed300000)
 ParOldGen       total 172032K, used 102536K [0x00000000c0000000, 0x00000000ca800000, 0x00000000eab00000)
  object space 172032K, 59% used [0x00000000c0000000,0x00000000c64222c0,0x00000000ca800000)
 Metaspace       used 66315K, committed 67520K, reserved 1114112K
  class space    used 6986K, committed 7552K, reserved 1048576K
}
Event: 9.635 GC heap before
{Heap before GC invocations=84 (full 7):
 PSYoungGen      total 34304K, used 33568K [0x00000000eab00000, 0x00000000ed300000, 0x0000000100000000)
  eden space 29184K, 100% used [0x00000000eab00000,0x00000000ec780000,0x00000000ec780000)
  from space 5120K, 85% used [0x00000000ec780000,0x00000000ecbc8020,0x00000000ecc80000)
  to   space 5120K, 0% used [0x00000000ece00000,0x00000000ece00000,0x00000000ed300000)
 ParOldGen       total 172032K, used 102536K [0x00000000c0000000, 0x00000000ca800000, 0x00000000eab00000)
  object space 172032K, 59% used [0x00000000c0000000,0x00000000c64222c0,0x00000000ca800000)
 Metaspace       used 66356K, committed 67584K, reserved 1114112K
  class space    used 6986K, committed 7552K, reserved 1048576K
}
Event: 9.638 GC heap after
{Heap after GC invocations=84 (full 7):
 PSYoungGen      total 35328K, used 4544K [0x00000000eab00000, 0x00000000ed280000, 0x0000000100000000)
  eden space 30720K, 0% used [0x00000000eab00000,0x00000000eab00000,0x00000000ec900000)
  from space 4608K, 98% used [0x00000000ece00000,0x00000000ed270020,0x00000000ed280000)
  to   space 4608K, 0% used [0x00000000ec980000,0x00000000ec980000,0x00000000ece00000)
 ParOldGen       total 172032K, used 102544K [0x00000000c0000000, 0x00000000ca800000, 0x00000000eab00000)
  object space 172032K, 59% used [0x00000000c0000000,0x00000000c64242c0,0x00000000ca800000)
 Metaspace       used 66356K, committed 67584K, reserved 1114112K
  class space    used 6986K, committed 7552K, reserved 1048576K
}
Event: 9.812 GC heap before
{Heap before GC invocations=85 (full 7):
 PSYoungGen      total 35328K, used 35264K [0x00000000eab00000, 0x00000000ed280000, 0x0000000100000000)
  eden space 30720K, 100% used [0x00000000eab00000,0x00000000ec900000,0x00000000ec900000)
  from space 4608K, 98% used [0x00000000ece00000,0x00000000ed270020,0x00000000ed280000)
  to   space 4608K, 0% used [0x00000000ec980000,0x00000000ec980000,0x00000000ece00000)
 ParOldGen       total 172032K, used 102544K [0x00000000c0000000, 0x00000000ca800000, 0x00000000eab00000)
  object space 172032K, 59% used [0x00000000c0000000,0x00000000c64242c0,0x00000000ca800000)
 Metaspace       used 67623K, committed 68864K, reserved 1114112K
  class space    used 7138K, committed 7680K, reserved 1048576K
}
Event: 9.816 GC heap after
{Heap after GC invocations=85 (full 7):
 PSYoungGen      total 35840K, used 4600K [0x00000000eab00000, 0x00000000ed600000, 0x0000000100000000)
  eden space 31232K, 0% used [0x00000000eab00000,0x00000000eab00000,0x00000000ec980000)
  from space 4608K, 99% used [0x00000000ec980000,0x00000000ecdfe220,0x00000000ece00000)
  to   space 6144K, 0% used [0x00000000ed000000,0x00000000ed000000,0x00000000ed600000)
 ParOldGen       total 172032K, used 103528K [0x00000000c0000000, 0x00000000ca800000, 0x00000000eab00000)
  object space 172032K, 60% used [0x00000000c0000000,0x00000000c651a2c0,0x00000000ca800000)
 Metaspace       used 67623K, committed 68864K, reserved 1114112K
  class space    used 7138K, committed 7680K, reserved 1048576K
}
Event: 10.232 GC heap before
{Heap before GC invocations=86 (full 7):
 PSYoungGen      total 35840K, used 35832K [0x00000000eab00000, 0x00000000ed600000, 0x0000000100000000)
  eden space 31232K, 100% used [0x00000000eab00000,0x00000000ec980000,0x00000000ec980000)
  from space 4608K, 99% used [0x00000000ec980000,0x00000000ecdfe220,0x00000000ece00000)
  to   space 6144K, 0% used [0x00000000ed000000,0x00000000ed000000,0x00000000ed600000)
 ParOldGen       total 172032K, used 103528K [0x00000000c0000000, 0x00000000ca800000, 0x00000000eab00000)
  object space 172032K, 60% used [0x00000000c0000000,0x00000000c651a2c0,0x00000000ca800000)
 Metaspace       used 68675K, committed 69888K, reserved 1114112K
  class space    used 7197K, committed 7744K, reserved 1048576K
}
Event: 10.238 GC heap after
{Heap after GC invocations=86 (full 7):
 PSYoungGen      total 37888K, used 5896K [0x00000000eab00000, 0x00000000ed680000, 0x0000000100000000)
  eden space 31744K, 0% used [0x00000000eab00000,0x00000000eab00000,0x00000000eca00000)
  from space 6144K, 95% used [0x00000000ed000000,0x00000000ed5c23b8,0x00000000ed600000)
  to   space 6144K, 0% used [0x00000000eca00000,0x00000000eca00000,0x00000000ed000000)
 ParOldGen       total 172032K, used 104144K [0x00000000c0000000, 0x00000000ca800000, 0x00000000eab00000)
  object space 172032K, 60% used [0x00000000c0000000,0x00000000c65b42e0,0x00000000ca800000)
 Metaspace       used 68675K, committed 69888K, reserved 1114112K
  class space    used 7197K, committed 7744K, reserved 1048576K
}
Event: 10.575 GC heap before
{Heap before GC invocations=87 (full 7):
 PSYoungGen      total 37888K, used 37640K [0x00000000eab00000, 0x00000000ed680000, 0x0000000100000000)
  eden space 31744K, 100% used [0x00000000eab00000,0x00000000eca00000,0x00000000eca00000)
  from space 6144K, 95% used [0x00000000ed000000,0x00000000ed5c23b8,0x00000000ed600000)
  to   space 6144K, 0% used [0x00000000eca00000,0x00000000eca00000,0x00000000ed000000)
 ParOldGen       total 172032K, used 104144K [0x00000000c0000000, 0x00000000ca800000, 0x00000000eab00000)
  object space 172032K, 60% used [0x00000000c0000000,0x00000000c65b42e0,0x00000000ca800000)
 Metaspace       used 69750K, committed 71040K, reserved 1114112K
  class space    used 7283K, committed 7872K, reserved 1048576K
}
Event: 10.580 GC heap after
{Heap after GC invocations=87 (full 7):
 PSYoungGen      total 37888K, used 6127K [0x00000000eab00000, 0x00000000ee100000, 0x0000000100000000)
  eden space 31744K, 0% used [0x00000000eab00000,0x00000000eab00000,0x00000000eca00000)
  from space 6144K, 99% used [0x00000000eca00000,0x00000000ecffbd80,0x00000000ed000000)
  to   space 11264K, 0% used [0x00000000ed600000,0x00000000ed600000,0x00000000ee100000)
 ParOldGen       total 172032K, used 108271K [0x00000000c0000000, 0x00000000ca800000, 0x00000000eab00000)
  object space 172032K, 62% used [0x00000000c0000000,0x00000000c69bbc18,0x00000000ca800000)
 Metaspace       used 69750K, committed 71040K, reserved 1114112K
  class space    used 7283K, committed 7872K, reserved 1048576K
}
Event: 10.803 GC heap before
{Heap before GC invocations=88 (full 7):
 PSYoungGen      total 37888K, used 37871K [0x00000000eab00000, 0x00000000ee100000, 0x0000000100000000)
  eden space 31744K, 99% used [0x00000000eab00000,0x00000000ec9fffa8,0x00000000eca00000)
  from space 6144K, 99% used [0x00000000eca00000,0x00000000ecffbd80,0x00000000ed000000)
  to   space 11264K, 0% used [0x00000000ed600000,0x00000000ed600000,0x00000000ee100000)
 ParOldGen       total 172032K, used 108271K [0x00000000c0000000, 0x00000000ca800000, 0x00000000eab00000)
  object space 172032K, 62% used [0x00000000c0000000,0x00000000c69bbc18,0x00000000ca800000)
 Metaspace       used 72296K, committed 73536K, reserved 1179648K
  class space    used 7488K, committed 8000K, reserved 1048576K
}
Event: 10.807 GC heap after
{Heap after GC invocations=88 (full 7):
 PSYoungGen      total 40960K, used 7780K [0x00000000eab00000, 0x00000000ede00000, 0x0000000100000000)
  eden space 32768K, 0% used [0x00000000eab00000,0x00000000eab00000,0x00000000ecb00000)
  from space 8192K, 94% used [0x00000000ed600000,0x00000000edd99200,0x00000000ede00000)
  to   space 8704K, 0% used [0x00000000ecd00000,0x00000000ecd00000,0x00000000ed580000)
 ParOldGen       total 172032K, used 108711K [0x00000000c0000000, 0x00000000ca800000, 0x00000000eab00000)
  object space 172032K, 63% used [0x00000000c0000000,0x00000000c6a29c18,0x00000000ca800000)
 Metaspace       used 72296K, committed 73536K, reserved 1179648K
  class space    used 7488K, committed 8000K, reserved 1048576K
}

