# JRE version: OpenJDK Runtime Environment Temurin-17.0.11+9 (17.0.11+9) (build 17.0.11+9)
# Java VM: OpenJDK 64-Bit Server VM Temurin-17.0.11+9 (17.0.11+9, mixed mode, emulated-client, tiered, compressed oops, compressed class ptrs, g1 gc, windows-amd64)
GC Precious Log:
 CPUs: 8 total, 8 available
 Memory: 7979M
 Large Page Support: Disabled
 NUMA Support: Disabled
 Compressed Oops: Enabled (32-bit)
 Heap Region Size: 1M
 Heap Min Capacity: 8M
 Heap Initial Capacity: 126M
 Heap Max Capacity: 1G
 Pre-touch: Disabled
 Parallel Workers: 8
 Concurrent Workers: 2
 Concurrent Refinement Workers: 8
 Periodic GC: Disabled
Heap:
 garbage-first heap   total 132096K, used 40156K [0x00000000c0000000, 0x0000000100000000)
  region size 1024K, 1 young (1024K), 0 survivors (0K)
 Metaspace       used 62149K, committed 62976K, reserved 1114112K
  class space    used 7770K, committed 8128K, reserved 1048576K
GC Heap History (20 events):
Event: 116.848 GC heap before
{Heap before GC invocations=20 (full 0):
 garbage-first heap   total 132096K, used 102647K [0x00000000c0000000, 0x0000000100000000)
  region size 1024K, 45 young (46080K), 6 survivors (6144K)
 Metaspace       used 62429K, committed 62976K, reserved 1114112K
  class space    used 7832K, committed 8128K, reserved 1048576K
}
Event: 116.874 GC heap after
{Heap after GC invocations=21 (full 1):
 garbage-first heap   total 132096K, used 46179K [0x00000000c0000000, 0x0000000100000000)
  region size 1024K, 0 young (0K), 0 survivors (0K)
 Metaspace       used 62429K, committed 62976K, reserved 1114112K
  class space    used 7832K, committed 8128K, reserved 1048576K
}
Event: 126.951 GC heap before
{Heap before GC invocations=21 (full 1):
 garbage-first heap   total 132096K, used 46179K [0x00000000c0000000, 0x0000000100000000)
  region size 1024K, 1 young (1024K), 0 survivors (0K)
 Metaspace       used 62429K, committed 62976K, reserved 1114112K
  class space    used 7832K, committed 8128K, reserved 1048576K
}
Event: 126.988 GC heap after
{Heap after GC invocations=22 (full 2):
 garbage-first heap   total 132096K, used 41432K [0x00000000c0000000, 0x0000000100000000)
  region size 1024K, 0 young (0K), 0 survivors (0K)
 Metaspace       used 62172K, committed 62976K, reserved 1114112K
  class space    used 7775K, committed 8128K, reserved 1048576K
}
Event: 137.059 GC heap before
{Heap before GC invocations=22 (full 2):
 garbage-first heap   total 132096K, used 41432K [0x00000000c0000000, 0x0000000100000000)
  region size 1024K, 1 young (1024K), 0 survivors (0K)
 Metaspace       used 62172K, committed 62976K, reserved 1114112K
  class space    used 7775K, committed 8128K, reserved 1048576K
}
Event: 137.082 GC heap after
{Heap after GC invocations=23 (full 3):
 garbage-first heap   total 132096K, used 41232K [0x00000000c0000000, 0x0000000100000000)
  region size 1024K, 0 young (0K), 0 survivors (0K)
 Metaspace       used 62172K, committed 62976K, reserved 1114112K
  class space    used 7775K, committed 8128K, reserved 1048576K
}
Event: 147.149 GC heap before
{Heap before GC invocations=23 (full 3):
 garbage-first heap   total 132096K, used 41232K [0x00000000c0000000, 0x0000000100000000)
  region size 1024K, 1 young (1024K), 0 survivors (0K)
 Metaspace       used 62172K, committed 62976K, reserved 1114112K
  class space    used 7775K, committed 8128K, reserved 1048576K
}
Event: 147.168 GC heap after
{Heap after GC invocations=24 (full 4):
 garbage-first heap   total 132096K, used 41230K [0x00000000c0000000, 0x0000000100000000)
  region size 1024K, 0 young (0K), 0 survivors (0K)
 Metaspace       used 62172K, committed 62976K, reserved 1114112K
  class space    used 7775K, committed 8128K, reserved 1048576K
}
Event: 157.448 GC heap before
{Heap before GC invocations=24 (full 4):
 garbage-first heap   total 132096K, used 41230K [0x00000000c0000000, 0x0000000100000000)
  region size 1024K, 1 young (1024K), 0 survivors (0K)
 Metaspace       used 62172K, committed 62976K, reserved 1114112K
  class space    used 7775K, committed 8128K, reserved 1048576K
}
Event: 157.490 GC heap after
{Heap after GC invocations=25 (full 5):
 garbage-first heap   total 132096K, used 40156K [0x00000000c0000000, 0x0000000100000000)
  region size 1024K, 0 young (0K), 0 survivors (0K)
 Metaspace       used 62149K, committed 62976K, reserved 1114112K
  class space    used 7770K, committed 8128K, reserved 1048576K
}
Event: 167.569 GC heap before
{Heap before GC invocations=25 (full 5):
 garbage-first heap   total 132096K, used 40156K [0x00000000c0000000, 0x0000000100000000)
  region size 1024K, 1 young (1024K), 0 survivors (0K)
 Metaspace       used 62149K, committed 62976K, reserved 1114112K
  class space    used 7770K, committed 8128K, reserved 1048576K
}
Event: 167.587 GC heap after
{Heap after GC invocations=26 (full 6):
 garbage-first heap   total 132096K, used 40156K [0x00000000c0000000, 0x0000000100000000)
  region size 1024K, 0 young (0K), 0 survivors (0K)
 Metaspace       used 62149K, committed 62976K, reserved 1114112K
  class space    used 7770K, committed 8128K, reserved 1048576K
}
Event: 177.675 GC heap before
{Heap before GC invocations=26 (full 6):
 garbage-first heap   total 132096K, used 40156K [0x00000000c0000000, 0x0000000100000000)
  region size 1024K, 1 young (1024K), 0 survivors (0K)
 Metaspace       used 62149K, committed 62976K, reserved 1114112K
  class space    used 7770K, committed 8128K, reserved 1048576K
}
Event: 177.695 GC heap after
{Heap after GC invocations=27 (full 7):
 garbage-first heap   total 132096K, used 40156K [0x00000000c0000000, 0x0000000100000000)
  region size 1024K, 0 young (0K), 0 survivors (0K)
 Metaspace       used 62149K, committed 62976K, reserved 1114112K
  class space    used 7770K, committed 8128K, reserved 1048576K
}
Event: 187.780 GC heap before
{Heap before GC invocations=27 (full 7):
 garbage-first heap   total 132096K, used 40156K [0x00000000c0000000, 0x0000000100000000)
  region size 1024K, 1 young (1024K), 0 survivors (0K)
 Metaspace       used 62149K, committed 62976K, reserved 1114112K
  class space    used 7770K, committed 8128K, reserved 1048576K
}
Event: 187.799 GC heap after
{Heap after GC invocations=28 (full 8):
 garbage-first heap   total 132096K, used 40156K [0x00000000c0000000, 0x0000000100000000)
  region size 1024K, 0 young (0K), 0 survivors (0K)
 Metaspace       used 62149K, committed 62976K, reserved 1114112K
  class space    used 7770K, committed 8128K, reserved 1048576K
}
Event: 197.870 GC heap before
{Heap before GC invocations=28 (full 8):
 garbage-first heap   total 132096K, used 40156K [0x00000000c0000000, 0x0000000100000000)
  region size 1024K, 1 young (1024K), 0 survivors (0K)
 Metaspace       used 62149K, committed 62976K, reserved 1114112K
  class space    used 7770K, committed 8128K, reserved 1048576K
}
Event: 197.892 GC heap after
{Heap after GC invocations=29 (full 9):
 garbage-first heap   total 132096K, used 40156K [0x00000000c0000000, 0x0000000100000000)
  region size 1024K, 0 young (0K), 0 survivors (0K)
 Metaspace       used 62149K, committed 62976K, reserved 1114112K
  class space    used 7770K, committed 8128K, reserved 1048576K
}
Event: 207.956 GC heap before
{Heap before GC invocations=29 (full 9):
 garbage-first heap   total 132096K, used 40156K [0x00000000c0000000, 0x0000000100000000)
  region size 1024K, 1 young (1024K), 0 survivors (0K)
 Metaspace       used 62149K, committed 62976K, reserved 1114112K
  class space    used 7770K, committed 8128K, reserved 1048576K
}
Event: 207.974 GC heap after
{Heap after GC invocations=30 (full 10):
 garbage-first heap   total 132096K, used 40156K [0x00000000c0000000, 0x0000000100000000)
  region size 1024K, 0 young (0K), 0 survivors (0K)
 Metaspace       used 62149K, committed 62976K, reserved 1114112K
  class space    used 7770K, committed 8128K, reserved 1048576K
}

