# JRE version: OpenJDK Runtime Environment Temurin-17.0.11+9 (17.0.11+9) (build 17.0.11+9)
# Java VM: OpenJDK 64-Bit Server VM Temurin-17.0.11+9 (17.0.11+9, mixed mode, emulated-client, tiered, compressed oops, compressed class ptrs, g1 gc, windows-amd64)
GC Precious Log:
 CPUs: 8 total, 8 available
 Memory: 7979M
 Large Page Support: Disabled
 NUMA Support: Disabled
 Compressed Oops: Enabled (32-bit)
 Heap Region Size: 1M
 Heap Min Capacity: 8M
 Heap Initial Capacity: 126M
 Heap Max Capacity: 1G
 Pre-touch: Disabled
 Parallel Workers: 8
 Concurrent Workers: 2
 Concurrent Refinement Workers: 8
 Periodic GC: Disabled
Heap:
 garbage-first heap   total 91136K, used 39956K [0x00000000c0000000, 0x0000000100000000)
  region size 1024K, 1 young (1024K), 0 survivors (0K)
 Metaspace       used 60794K, committed 61184K, reserved 1114112K
  class space    used 7592K, committed 7744K, reserved 1048576K
GC Heap History (20 events):
Event: 976.300 GC heap before
{Heap before GC invocations=93 (full 74):
 garbage-first heap   total 91136K, used 41044K [0x00000000c0000000, 0x0000000100000000)
  region size 1024K, 1 young (1024K), 0 survivors (0K)
 Metaspace       used 60810K, committed 61184K, reserved 1114112K
  class space    used 7596K, committed 7744K, reserved 1048576K
}
Event: 976.347 GC heap after
{Heap after GC invocations=94 (full 75):
 garbage-first heap   total 91136K, used 39962K [0x00000000c0000000, 0x0000000100000000)
  region size 1024K, 0 young (0K), 0 survivors (0K)
 Metaspace       used 60794K, committed 61184K, reserved 1114112K
  class space    used 7592K, committed 7744K, reserved 1048576K
}
Event: 986.417 GC heap before
{Heap before GC invocations=94 (full 75):
 garbage-first heap   total 91136K, used 39962K [0x00000000c0000000, 0x0000000100000000)
  region size 1024K, 1 young (1024K), 0 survivors (0K)
 Metaspace       used 60794K, committed 61184K, reserved 1114112K
  class space    used 7592K, committed 7744K, reserved 1048576K
}
Event: 986.444 GC heap after
{Heap after GC invocations=95 (full 76):
 garbage-first heap   total 91136K, used 39957K [0x00000000c0000000, 0x0000000100000000)
  region size 1024K, 0 young (0K), 0 survivors (0K)
 Metaspace       used 60794K, committed 61184K, reserved 1114112K
  class space    used 7592K, committed 7744K, reserved 1048576K
}
Event: 996.513 GC heap before
{Heap before GC invocations=95 (full 76):
 garbage-first heap   total 91136K, used 39957K [0x00000000c0000000, 0x0000000100000000)
  region size 1024K, 1 young (1024K), 0 survivors (0K)
 Metaspace       used 60794K, committed 61184K, reserved 1114112K
  class space    used 7592K, committed 7744K, reserved 1048576K
}
Event: 996.536 GC heap after
{Heap after GC invocations=96 (full 77):
 garbage-first heap   total 91136K, used 39956K [0x00000000c0000000, 0x0000000100000000)
  region size 1024K, 0 young (0K), 0 survivors (0K)
 Metaspace       used 60794K, committed 61184K, reserved 1114112K
  class space    used 7592K, committed 7744K, reserved 1048576K
}
Event: 1006.602 GC heap before
{Heap before GC invocations=96 (full 77):
 garbage-first heap   total 91136K, used 39956K [0x00000000c0000000, 0x0000000100000000)
  region size 1024K, 1 young (1024K), 0 survivors (0K)
 Metaspace       used 60794K, committed 61184K, reserved 1114112K
  class space    used 7592K, committed 7744K, reserved 1048576K
}
Event: 1006.625 GC heap after
{Heap after GC invocations=97 (full 78):
 garbage-first heap   total 91136K, used 39956K [0x00000000c0000000, 0x0000000100000000)
  region size 1024K, 0 young (0K), 0 survivors (0K)
 Metaspace       used 60794K, committed 61184K, reserved 1114112K
  class space    used 7592K, committed 7744K, reserved 1048576K
}
Event: 1016.734 GC heap before
{Heap before GC invocations=97 (full 78):
 garbage-first heap   total 91136K, used 39956K [0x00000000c0000000, 0x0000000100000000)
  region size 1024K, 1 young (1024K), 0 survivors (0K)
 Metaspace       used 60794K, committed 61184K, reserved 1114112K
  class space    used 7592K, committed 7744K, reserved 1048576K
}
Event: 1016.759 GC heap after
{Heap after GC invocations=98 (full 79):
 garbage-first heap   total 91136K, used 39956K [0x00000000c0000000, 0x0000000100000000)
  region size 1024K, 0 young (0K), 0 survivors (0K)
 Metaspace       used 60794K, committed 61184K, reserved 1114112K
  class space    used 7592K, committed 7744K, reserved 1048576K
}
Event: 1026.844 GC heap before
{Heap before GC invocations=98 (full 79):
 garbage-first heap   total 91136K, used 39956K [0x00000000c0000000, 0x0000000100000000)
  region size 1024K, 1 young (1024K), 0 survivors (0K)
 Metaspace       used 60794K, committed 61184K, reserved 1114112K
  class space    used 7592K, committed 7744K, reserved 1048576K
}
Event: 1026.873 GC heap after
{Heap after GC invocations=99 (full 80):
 garbage-first heap   total 91136K, used 39956K [0x00000000c0000000, 0x0000000100000000)
  region size 1024K, 0 young (0K), 0 survivors (0K)
 Metaspace       used 60794K, committed 61184K, reserved 1114112K
  class space    used 7592K, committed 7744K, reserved 1048576K
}
Event: 1036.952 GC heap before
{Heap before GC invocations=99 (full 80):
 garbage-first heap   total 91136K, used 39956K [0x00000000c0000000, 0x0000000100000000)
  region size 1024K, 1 young (1024K), 0 survivors (0K)
 Metaspace       used 60794K, committed 61184K, reserved 1114112K
  class space    used 7592K, committed 7744K, reserved 1048576K
}
Event: 1036.976 GC heap after
{Heap after GC invocations=100 (full 81):
 garbage-first heap   total 91136K, used 39956K [0x00000000c0000000, 0x0000000100000000)
  region size 1024K, 0 young (0K), 0 survivors (0K)
 Metaspace       used 60794K, committed 61184K, reserved 1114112K
  class space    used 7592K, committed 7744K, reserved 1048576K
}
Event: 1047.080 GC heap before
{Heap before GC invocations=100 (full 81):
 garbage-first heap   total 91136K, used 39956K [0x00000000c0000000, 0x0000000100000000)
  region size 1024K, 1 young (1024K), 0 survivors (0K)
 Metaspace       used 60794K, committed 61184K, reserved 1114112K
  class space    used 7592K, committed 7744K, reserved 1048576K
}
Event: 1047.104 GC heap after
{Heap after GC invocations=101 (full 82):
 garbage-first heap   total 91136K, used 39956K [0x00000000c0000000, 0x0000000100000000)
  region size 1024K, 0 young (0K), 0 survivors (0K)
 Metaspace       used 60794K, committed 61184K, reserved 1114112K
  class space    used 7592K, committed 7744K, reserved 1048576K
}
Event: 1057.190 GC heap before
{Heap before GC invocations=101 (full 82):
 garbage-first heap   total 91136K, used 39956K [0x00000000c0000000, 0x0000000100000000)
  region size 1024K, 1 young (1024K), 0 survivors (0K)
 Metaspace       used 60794K, committed 61184K, reserved 1114112K
  class space    used 7592K, committed 7744K, reserved 1048576K
}
Event: 1057.214 GC heap after
{Heap after GC invocations=102 (full 83):
 garbage-first heap   total 91136K, used 39956K [0x00000000c0000000, 0x0000000100000000)
  region size 1024K, 0 young (0K), 0 survivors (0K)
 Metaspace       used 60794K, committed 61184K, reserved 1114112K
  class space    used 7592K, committed 7744K, reserved 1048576K
}
Event: 1067.321 GC heap before
{Heap before GC invocations=102 (full 83):
 garbage-first heap   total 91136K, used 39956K [0x00000000c0000000, 0x0000000100000000)
  region size 1024K, 1 young (1024K), 0 survivors (0K)
 Metaspace       used 60794K, committed 61184K, reserved 1114112K
  class space    used 7592K, committed 7744K, reserved 1048576K
}
Event: 1067.355 GC heap after
{Heap after GC invocations=103 (full 84):
 garbage-first heap   total 91136K, used 39956K [0x00000000c0000000, 0x0000000100000000)
  region size 1024K, 0 young (0K), 0 survivors (0K)
 Metaspace       used 60794K, committed 61184K, reserved 1114112K
  class space    used 7592K, committed 7744K, reserved 1048576K
}

