# JRE version: OpenJDK Runtime Environment Temurin-17.0.11+9 (17.0.11+9) (build 17.0.11+9)
# Java VM: OpenJDK 64-Bit Server VM Temurin-17.0.11+9 (17.0.11+9, mixed mode, emulated-client, tiered, compressed oops, compressed class ptrs, g1 gc, windows-amd64)
GC Precious Log:
 CPUs: 8 total, 8 available
 Memory: 7979M
 Large Page Support: Disabled
 NUMA Support: Disabled
 Compressed Oops: Enabled (32-bit)
 Heap Region Size: 1M
 Heap Min Capacity: 8M
 Heap Initial Capacity: 126M
 Heap Max Capacity: 1G
 Pre-touch: Disabled
 Parallel Workers: 8
 Concurrent Workers: 2
 Concurrent Refinement Workers: 8
 Periodic GC: Disabled
Heap:
 garbage-first heap   total 87040K, used 37189K [0x00000000c0000000, 0x0000000100000000)
  region size 1024K, 1 young (1024K), 0 survivors (0K)
 Metaspace       used 56006K, committed 56448K, reserved 1114112K
  class space    used 6968K, committed 7168K, reserved 1048576K
GC Heap History (20 events):
Event: 6746.884 GC heap before
{Heap before GC invocations=536 (full 466):
 garbage-first heap   total 87040K, used 37221K [0x00000000c0000000, 0x0000000100000000)
  region size 1024K, 1 young (1024K), 0 survivors (0K)
 Metaspace       used 56006K, committed 56448K, reserved 1114112K
  class space    used 6968K, committed 7168K, reserved 1048576K
}
Event: 6746.909 GC heap after
{Heap after GC invocations=537 (full 467):
 garbage-first heap   total 87040K, used 37221K [0x00000000c0000000, 0x0000000100000000)
  region size 1024K, 0 young (0K), 0 survivors (0K)
 Metaspace       used 56006K, committed 56448K, reserved 1114112K
  class space    used 6968K, committed 7168K, reserved 1048576K
}
Event: 6756.979 GC heap before
{Heap before GC invocations=537 (full 467):
 garbage-first heap   total 87040K, used 37221K [0x00000000c0000000, 0x0000000100000000)
  region size 1024K, 1 young (1024K), 0 survivors (0K)
 Metaspace       used 56006K, committed 56448K, reserved 1114112K
  class space    used 6968K, committed 7168K, reserved 1048576K
}
Event: 6757.005 GC heap after
{Heap after GC invocations=538 (full 468):
 garbage-first heap   total 87040K, used 37221K [0x00000000c0000000, 0x0000000100000000)
  region size 1024K, 0 young (0K), 0 survivors (0K)
 Metaspace       used 56006K, committed 56448K, reserved 1114112K
  class space    used 6968K, committed 7168K, reserved 1048576K
}
Event: 6767.090 GC heap before
{Heap before GC invocations=538 (full 468):
 garbage-first heap   total 87040K, used 37221K [0x00000000c0000000, 0x0000000100000000)
  region size 1024K, 1 young (1024K), 0 survivors (0K)
 Metaspace       used 56006K, committed 56448K, reserved 1114112K
  class space    used 6968K, committed 7168K, reserved 1048576K
}
Event: 6767.115 GC heap after
{Heap after GC invocations=539 (full 469):
 garbage-first heap   total 87040K, used 37221K [0x00000000c0000000, 0x0000000100000000)
  region size 1024K, 0 young (0K), 0 survivors (0K)
 Metaspace       used 56006K, committed 56448K, reserved 1114112K
  class space    used 6968K, committed 7168K, reserved 1048576K
}
Event: 6777.200 GC heap before
{Heap before GC invocations=539 (full 469):
 garbage-first heap   total 87040K, used 37221K [0x00000000c0000000, 0x0000000100000000)
  region size 1024K, 1 young (1024K), 0 survivors (0K)
 Metaspace       used 56006K, committed 56448K, reserved 1114112K
  class space    used 6968K, committed 7168K, reserved 1048576K
}
Event: 6777.227 GC heap after
{Heap after GC invocations=540 (full 470):
 garbage-first heap   total 87040K, used 37221K [0x00000000c0000000, 0x0000000100000000)
  region size 1024K, 0 young (0K), 0 survivors (0K)
 Metaspace       used 56006K, committed 56448K, reserved 1114112K
  class space    used 6968K, committed 7168K, reserved 1048576K
}
Event: 6787.424 GC heap before
{Heap before GC invocations=540 (full 470):
 garbage-first heap   total 87040K, used 37221K [0x00000000c0000000, 0x0000000100000000)
  region size 1024K, 1 young (1024K), 0 survivors (0K)
 Metaspace       used 56006K, committed 56448K, reserved 1114112K
  class space    used 6968K, committed 7168K, reserved 1048576K
}
Event: 6787.471 GC heap after
{Heap after GC invocations=541 (full 471):
 garbage-first heap   total 87040K, used 37221K [0x00000000c0000000, 0x0000000100000000)
  region size 1024K, 0 young (0K), 0 survivors (0K)
 Metaspace       used 56006K, committed 56448K, reserved 1114112K
  class space    used 6968K, committed 7168K, reserved 1048576K
}
Event: 6797.681 GC heap before
{Heap before GC invocations=541 (full 471):
 garbage-first heap   total 87040K, used 37221K [0x00000000c0000000, 0x0000000100000000)
  region size 1024K, 1 young (1024K), 0 survivors (0K)
 Metaspace       used 56006K, committed 56448K, reserved 1114112K
  class space    used 6968K, committed 7168K, reserved 1048576K
}
Event: 6797.723 GC heap after
{Heap after GC invocations=542 (full 472):
 garbage-first heap   total 87040K, used 37221K [0x00000000c0000000, 0x0000000100000000)
  region size 1024K, 0 young (0K), 0 survivors (0K)
 Metaspace       used 56006K, committed 56448K, reserved 1114112K
  class space    used 6968K, committed 7168K, reserved 1048576K
}
Event: 6807.830 GC heap before
{Heap before GC invocations=542 (full 472):
 garbage-first heap   total 87040K, used 37221K [0x00000000c0000000, 0x0000000100000000)
  region size 1024K, 1 young (1024K), 0 survivors (0K)
 Metaspace       used 56006K, committed 56448K, reserved 1114112K
  class space    used 6968K, committed 7168K, reserved 1048576K
}
Event: 6807.869 GC heap after
{Heap after GC invocations=543 (full 473):
 garbage-first heap   total 87040K, used 37221K [0x00000000c0000000, 0x0000000100000000)
  region size 1024K, 0 young (0K), 0 survivors (0K)
 Metaspace       used 56006K, committed 56448K, reserved 1114112K
  class space    used 6968K, committed 7168K, reserved 1048576K
}
Event: 6818.026 GC heap before
{Heap before GC invocations=543 (full 473):
 garbage-first heap   total 87040K, used 37221K [0x00000000c0000000, 0x0000000100000000)
  region size 1024K, 1 young (1024K), 0 survivors (0K)
 Metaspace       used 56006K, committed 56448K, reserved 1114112K
  class space    used 6968K, committed 7168K, reserved 1048576K
}
Event: 6818.074 GC heap after
{Heap after GC invocations=544 (full 474):
 garbage-first heap   total 87040K, used 37221K [0x00000000c0000000, 0x0000000100000000)
  region size 1024K, 0 young (0K), 0 survivors (0K)
 Metaspace       used 56006K, committed 56448K, reserved 1114112K
  class space    used 6968K, committed 7168K, reserved 1048576K
}
Event: 6828.294 GC heap before
{Heap before GC invocations=544 (full 474):
 garbage-first heap   total 87040K, used 37221K [0x00000000c0000000, 0x0000000100000000)
  region size 1024K, 1 young (1024K), 0 survivors (0K)
 Metaspace       used 56006K, committed 56448K, reserved 1114112K
  class space    used 6968K, committed 7168K, reserved 1048576K
}
Event: 6828.340 GC heap after
{Heap after GC invocations=545 (full 475):
 garbage-first heap   total 87040K, used 37221K [0x00000000c0000000, 0x0000000100000000)
  region size 1024K, 0 young (0K), 0 survivors (0K)
 Metaspace       used 56006K, committed 56448K, reserved 1114112K
  class space    used 6968K, committed 7168K, reserved 1048576K
}
Event: 6878.525 GC heap before
{Heap before GC invocations=545 (full 475):
 garbage-first heap   total 87040K, used 38245K [0x00000000c0000000, 0x0000000100000000)
  region size 1024K, 2 young (2048K), 0 survivors (0K)
 Metaspace       used 56006K, committed 56448K, reserved 1114112K
  class space    used 6968K, committed 7168K, reserved 1048576K
}
Event: 6878.581 GC heap after
{Heap after GC invocations=546 (full 476):
 garbage-first heap   total 87040K, used 37189K [0x00000000c0000000, 0x0000000100000000)
  region size 1024K, 0 young (0K), 0 survivors (0K)
 Metaspace       used 56006K, committed 56448K, reserved 1114112K
  class space    used 6968K, committed 7168K, reserved 1048576K
}

